[16:3:22] --- LSP Server Started ---
[16:3:22] --- LSP Server Started ---
[16:3:22] Logging to: debug.log
[16:6:37] --- LSP Server Started ---
[16:6:37] --- LSP Server Started ---
[16:6:37] Logging to: debug.log
[16:9:58] --- LSP Server Started ---
[16:9:58] --- LSP Server Started ---
[16:9:58] Logging to: debug.log
[16:10:14] --- LSP Server Started ---
[16:10:14] --- LSP Server Started ---
[16:10:14] Logging to: debug.log
[16:10:46] --- LSP Server Started ---
[16:10:46] --- LSP Server Started ---
[16:10:46] Logging to: debug.log
[16:11:1] --- LSP Server Started ---
[16:11:1] --- LSP Server Started ---
[16:11:1] Logging to: debug.log
[16:12:9] --- LSP Server Started ---
[16:12:9] --- LSP Server Started ---
[16:12:9] Logging to: debug.log
[16:12:43] --- LSP Server Started ---
[16:12:43] --- LSP Server Started ---
[16:12:43] Logging to: debug.log
[16:13:22] --- LSP Server Started ---
[16:13:22] --- LSP Server Started ---
[16:13:22] Logging to: debug.log
[16:14:11] --- LSP Server Started ---
[16:14:11] --- LSP Server Started ---
[16:14:11] Logging to: debug.log
[16:19:52] --- LSP Server Started ---
[16:19:52] --- LSP Server Started ---
[16:19:52] Logging to: debug.log
[16:21:3] --- LSP Server Started ---
[16:21:3] --- LSP Server Started ---
[16:21:3] Logging to: debug.log
[16:21:17] --- LSP Server Started ---
[16:21:17] --- LSP Server Started ---
[16:21:17] Logging to: debug.log
[16:22:25] --- LSP Server Started ---
[16:22:25] --- LSP Server Started ---
[16:22:25] Logging to: debug.log
[16:23:5] --- LSP Server Started ---
[16:23:5] --- LSP Server Started ---
[16:23:5] Logging to: debug.log
[16:23:46] --- LSP Server Started ---
[16:23:46] --- LSP Server Started ---
[16:23:46] Logging to: debug.log
[16:24:6] --- LSP Server Started ---
[16:24:6] --- LSP Server Started ---
[16:24:6] Logging to: debug.log
[9:40:55] --- LSP Server Started ---
[9:40:55] --- LSP Server Started ---
[9:40:55] Logging to: debug.log
[13:42:30] --- LSP Server Started ---
[13:42:30] --- LSP Server Started ---
[13:42:30] Logging to: debug.log
[8:53:11] --- LSP Server Started ---
[8:53:11] --- LSP Server Started ---
[8:53:11] Logging to: debug.log
[8:54:21] --- LSP Server Started ---
[8:54:21] --- LSP Server Started ---
[8:54:21] Logging to: debug.log
[13:34:10] --- LSP Server Started ---
[13:34:10] --- LSP Server Started ---
[13:34:10] Logging to: debug.log
[8:54:29] --- LSP Server Started ---
[8:54:29] --- LSP Server Started ---
[8:54:29] Logging to: debug.log
[15:30:57] --- LSP Server Started ---
[15:30:57] Logging to: debug.log
[15:30:57] C
[15:30:57] o
[15:30:57] n
[15:30:57] t
[15:30:57] e
[15:30:57] n
[15:30:57] t
[15:30:57] -
[15:30:57] L
[15:30:57] e
[15:30:57] n
[15:30:57] g
[15:30:57] t
[15:30:57] h
[15:30:57] :
[15:30:57]  
[15:30:57] 4
[15:30:57] 6
[15:30:57] 6
[15:30:57] 8
[15:30:57] 

[15:30:57] 

[15:30:57] {
[15:30:57] "
[15:30:57] p
[15:30:57] a
[15:30:57] r
[15:30:57] a
[15:30:57] m
[15:30:57] s
[15:30:57] "
[15:30:57] :
[15:30:57] {
[15:30:57] "
[15:30:57] t
[15:30:57] r
[15:30:57] a
[15:30:57] c
[15:30:57] e
[15:30:57] "
[15:30:57] :
[15:30:57] "
[15:30:57] o
[15:30:57] f
[15:30:57] f
[15:30:57] "
[15:30:57] ,
[15:30:57] "
[15:30:57] c
[15:30:57] a
[15:30:57] p
[15:30:57] a
[15:30:57] b
[15:30:57] i
[15:30:57] l
[15:30:57] i
[15:30:57] t
[15:30:57] i
[15:30:57] e
[15:30:57] s
[15:30:57] "
[15:30:57] :
[15:30:57] {
[15:30:57] "
[15:30:57] w
[15:30:57] o
[15:30:57] r
[15:30:57] k
[15:30:57] s
[15:30:57] p
[15:30:57] a
[15:30:57] c
[15:30:57] e
[15:30:57] "
[15:30:57] :
[15:30:57] {
[15:30:57] "
[15:30:57] d
[15:30:57] i
[15:30:57] d
[15:30:57] C
[15:30:57] h
[15:30:57] a
[15:30:57] n
[15:30:57] g
[15:30:57] e
[15:30:57] W
[15:30:57] a
[15:30:57] t
[15:30:57] c
[15:30:57] h
[15:30:57] e
[15:30:57] d
[15:30:57] F
[15:30:57] i
[15:30:57] l
[15:30:57] e
[15:30:57] s
[15:30:57] "
[15:30:57] :
[15:30:57] {
[15:30:57] "
[15:30:57] r
[15:30:57] e
[15:30:57] l
[15:30:57] a
[15:30:57] t
[15:30:57] i
[15:30:57] v
[15:30:57] e
[15:30:57] P
[15:30:57] a
[15:30:57] t
[15:30:57] t
[15:30:57] e
[15:30:57] r
[15:30:57] n
[15:30:57] S
[15:30:57] u
[15:30:57] p
[15:30:57] p
[15:30:57] o
[15:30:57] r
[15:30:57] t
[15:30:57] "
[15:30:57] :
[15:30:57] t
[15:30:57] r
[15:30:57] u
[15:30:57] e
[15:30:57] ,
[15:30:57] "
[15:30:57] d
[15:30:57] y
[15:30:57] n
[15:30:57] a
[15:30:57] m
[15:30:57] i
[15:30:57] c
[15:30:57] R
[15:30:57] e
[15:30:57] g
[15:30:57] i
[15:30:57] s
[15:30:57] t
[15:30:57] r
[15:30:57] a
[15:30:57] t
[15:30:57] i
[15:30:57] o
[15:30:57] n
[15:30:57] "
[15:30:57] :
[15:30:57] t
[15:30:57] r
[15:30:57] u
[15:30:57] e
[15:30:57] }
[15:30:57] ,
[15:30:57] "
[15:30:57] s
[15:30:57] e
[15:30:57] m
[15:30:57] a
[15:30:57] n
[15:30:57] t
[15:30:57] i
[15:30:57] c
[15:30:57] T
[15:30:57] o
[15:30:57] k
[15:30:57] e
[15:30:57] n
[15:30:57] s
[15:30:57] "
[15:30:57] :
[15:30:57] {
[15:30:57] "
[15:30:57] r
[15:30:57] e
[15:30:57] f
[15:30:57] r
[15:30:57] e
[15:30:57] s
[15:30:57] h
[15:30:57] S
[15:30:57] u
[15:30:57] p
[15:30:57] p
[15:30:57] o
[15:30:57] r
[15:30:57] t
[15:30:57] "
[15:30:57] :
[15:30:57] t
[15:30:57] r
[15:30:57] u
[15:30:57] e
[15:30:57] }
[15:30:57] ,
[15:30:57] "
[15:30:57] w
[15:30:57] o
[15:30:57] r
[15:30:57] k
[15:30:57] s
[15:30:57] p
[15:30:57] a
[15:30:57] c
[15:30:57] e
[15:30:57] "
[15:30:57] :
[15:30:57] {
[15:30:57] "
[15:30:57] r
[15:30:57] e
[15:30:57] f
[15:30:57] r
[15:30:57] e
[15:30:57] s
[15:30:57] h
[15:30:57] S
[15:30:57] u
[15:30:57] p
[15:30:57] p
[15:30:57] o
[15:30:57] r
[15:30:57] t
[15:30:57] "
[15:30:57] :
[15:30:57] f
[15:30:57] a
[15:30:57] l
[15:30:57] s
[15:30:57] e
[15:30:57] }
[15:30:57] ,
[15:30:57] "
[15:30:57] c
[15:30:57] o
[15:30:57] n
[15:30:57] f
[15:30:57] i
[15:30:57] g
[15:30:57] u
[15:30:57] r
[15:30:57] a
[15:30:57] t
[15:30:57] i
[15:30:57] o
[15:30:57] n
[15:30:57] "
[15:30:57] :
[15:30:57] t
[15:30:57] r
[15:30:57] u
[15:30:57] e
[15:30:57] ,
[15:30:57] "
[15:30:57] d
[15:30:57] i
[15:30:57] d
[15:30:57] C
[15:30:57] h
[15:30:57] a
[15:30:57] n
[15:30:57] g
[15:30:57] e
[15:30:57] C
[15:30:57] o
[15:30:57] n
[15:30:57] f
[15:30:57] i
[15:30:57] g
[15:30:57] u
[15:30:57] r
[15:30:57] a
[15:30:57] t
[15:30:57] i
[15:30:57] o
[15:30:57] n
[15:30:57] "
[15:30:57] :
[15:30:57] {
[15:30:57] "
[15:30:57] d
[15:30:57] y
[15:30:57] n
[15:30:57] a
[15:30:57] m
[15:30:57] i
[15:30:57] c
[15:30:57] R
[15:30:57] e
[15:30:57] g
[15:30:57] i
[15:30:57] s
[15:30:57] t
[15:30:57] r
[15:30:57] a
[15:30:57] t
[15:30:57] i
[15:30:57] o
[15:30:57] n
[15:30:57] "
[15:30:57] :
[15:30:57] f
[15:30:57] a
[15:30:57] l
[15:30:57] s
[15:30:57] e
[15:30:57] }
[15:30:57] ,
[15:30:57] "
[15:30:57] w
[15:30:57] o
[15:30:57] r
[15:30:57] k
[15:30:57] s
[15:30:57] p
[15:30:57] a
[15:30:57] c
[15:30:57] e
[15:30:57] F
[15:30:57] o
[15:30:57] l
[15:30:57] d
[15:30:57] e
[15:30:57] r
[15:30:57] s
[15:30:57] "
[15:30:57] :
[15:30:57] t
[15:30:57] r
[15:30:57] u
[15:30:57] e
[15:30:57] ,
[15:30:57] "
[15:30:57] a
[15:30:57] p
[15:30:57] p
[15:30:57] l
[15:30:57] y
[15:30:57] E
[15:30:57] d
[15:30:57] i
[15:30:57] t
[15:30:57] "
[15:30:57] :
[15:30:57] t
[15:30:57] r
[15:30:57] u
[15:30:57] e
[15:30:57] ,
[15:30:57] "
[15:30:57] w
[15:30:57] o
[15:30:57] r
[15:30:57] k
[15:30:57] s
[15:30:57] p
[15:30:57] a
[15:30:57] c
[15:30:57] e
[15:30:57] E
[15:30:57] d
[15:30:57] i
[15:30:57] t
[15:30:57] "
[15:30:57] :
[15:30:57] {
[15:30:57] "
[15:30:57] c
[15:30:57] h
[15:30:57] a
[15:30:57] n
[15:30:57] g
[15:30:57] e
[15:30:57] A
[15:30:57] n
[15:30:57] n
[15:30:57] o
[15:30:57] t
[15:30:57] a
[15:30:57] t
[15:30:57] i
[15:30:57] o
[15:30:57] n
[15:30:57] S
[15:30:57] u
[15:30:57] p
[15:30:57] p
[15:30:57] o
[15:30:57] r
[15:30:57] t
[15:30:57] "
[15:30:57] :
[15:30:57] {
[15:30:57] "
[15:30:57] g
[15:30:57] r
[15:30:57] o
[15:30:57] u
[15:30:57] p
[15:30:57] s
[15:30:57] O
[15:30:57] n
[15:30:57] L
[15:30:57] a
[15:30:57] b
[15:30:57] e
[15:30:57] l
[15:30:57] "
[15:30:57] :
[15:30:57] t
[15:30:57] r
[15:30:57] u
[15:30:57] e
[15:30:57] }
[15:30:57] ,
[15:30:57] "
[15:30:57] r
[15:30:57] e
[15:30:57] s
[15:30:57] o
[15:30:57] u
[15:30:57] r
[15:30:57] c
[15:30:57] e
[15:30:57] O
[15:30:57] p
[15:30:57] e
[15:30:57] r
[15:30:57] a
[15:30:57] t
[15:30:57] i
[15:30:57] o
[15:30:57] n
[15:30:57] s
[15:30:57] "
[15:30:57] :
[15:30:57] [
[15:30:57] "
[15:30:57] r
[15:30:57] e
[15:30:57] n
[15:30:57] a
[15:30:57] m
[15:30:57] e
[15:30:57] "
[15:30:57] ,
[15:30:57] "
[15:30:57] c
[15:30:57] r
[15:30:57] e
[15:30:57] a
[15:30:57] t
[15:30:57] e
[15:30:57] "
[15:30:57] ,
[15:30:57] "
[15:30:57] d
[15:30:57] e
[15:30:57] l
[15:30:57] e
[15:30:57] t
[15:30:57] e
[15:30:57] "
[15:30:57] ]
[15:30:57] ,
[15:30:57] "
[15:30:57] n
[15:30:57] o
[15:30:57] r
[15:30:57] m
[15:30:57] a
[15:30:57] l
[15:30:57] i
[15:30:57] z
[15:30:57] e
[15:30:57] s
[15:30:57] L
[15:30:57] i
[15:30:57] n
[15:30:57] e
[15:30:57] E
[15:30:57] n
[15:30:57] d
[15:30:57] i
[15:30:57] n
[15:30:57] g
[15:30:57] s
[15:30:57] "
[15:30:57] :
[15:30:57] t
[15:30:57] r
[15:30:57] u
[15:30:57] e
[15:30:57] }
[15:30:57] ,
[15:30:57] "
[15:30:57] i
[15:30:57] n
[15:30:57] l
[15:30:57] a
[15:30:57] y
[15:30:57] H
[15:30:57] i
[15:30:57] n
[15:30:57] t
[15:30:57] "
[15:30:57] :
[15:30:57] {
[15:30:57] "
[15:30:57] r
[15:30:57] e
[15:30:57] f
[15:30:57] r
[15:30:57] e
[15:30:57] s
[15:30:57] h
[15:30:57] S
[15:30:57] u
[15:30:57] p
[15:30:57] p
[15:30:57] o
[15:30:57] r
[15:30:57] t
[15:30:57] "
[15:30:57] :
[15:30:57] t
[15:30:57] r
[15:30:57] u
[15:30:57] e
[15:30:57] }
[15:30:57] ,
[15:30:57] "
[15:30:57] s
[15:30:57] y
[15:30:57] m
[15:30:57] b
[15:30:57] o
[15:30:57] l
[15:30:57] "
[15:30:57] :
[15:30:57] {
[15:30:57] "
[15:30:57] s
[15:30:57] y
[15:30:57] m
[15:30:57] b
[15:30:57] o
[15:30:57] l
[15:30:57] K
[15:30:57] i
[15:30:57] n
[15:30:57] d
[15:30:57] "
[15:30:57] :
[15:30:57] {
[15:30:57] "
[15:30:57] v
[15:30:57] a
[15:30:57] l
[15:30:57] u
[15:30:57] e
[15:30:57] S
[15:30:57] e
[15:30:57] t
[15:30:57] "
[15:30:57] :
[15:30:57] [
[15:30:57] 1
[15:30:57] ,
[15:30:57] 2
[15:30:57] ,
[15:30:57] 3
[15:30:57] ,
[15:30:57] 4
[15:30:57] ,
[15:30:57] 5
[15:30:57] ,
[15:30:57] 6
[15:30:57] ,
[15:30:57] 7
[15:30:57] ,
[15:30:57] 8
[15:30:57] ,
[15:30:57] 9
[15:30:57] ,
[15:30:57] 1
[15:30:57] 0
[15:30:57] ,
[15:30:57] 1
[15:30:57] 1
[15:30:57] ,
[15:30:57] 1
[15:30:57] 2
[15:30:57] ,
[15:30:57] 1
[15:30:57] 3
[15:30:57] ,
[15:30:57] 1
[15:30:57] 4
[15:30:57] ,
[15:30:57] 1
[15:30:57] 5
[15:30:57] ,
[15:30:57] 1
[15:30:57] 6
[15:30:57] ,
[15:30:57] 1
[15:30:57] 7
[15:30:57] ,
[15:30:57] 1
[15:30:57] 8
[15:30:57] ,
[15:30:57] 1
[15:30:57] 9
[15:30:57] ,
[15:30:57] 2
[15:30:57] 0
[15:30:57] ,
[15:30:57] 2
[15:30:57] 1
[15:30:57] ,
[15:30:57] 2
[15:30:57] 2
[15:30:57] ,
[15:30:57] 2
[15:30:57] 3
[15:30:57] ,
[15:30:57] 2
[15:30:57] 4
[15:30:57] ,
[15:30:57] 2
[15:30:57] 5
[15:30:57] ,
[15:30:57] 2
[15:30:57] 6
[15:30:57] ]
[15:30:57] }
[15:30:57] ,
[15:30:57] "
[15:30:57] d
[15:30:57] y
[15:30:57] n
[15:30:57] a
[15:30:57] m
[15:30:57] i
[15:30:57] c
[15:30:57] R
[15:30:57] e
[15:30:57] g
[15:30:57] i
[15:30:57] s
[15:30:57] t
[15:30:57] r
[15:30:57] a
[15:30:57] t
[15:30:57] i
[15:30:57] o
[15:30:57] n
[15:30:57] "
[15:30:57] :
[15:30:57] f
[15:30:57] a
[15:30:57] l
[15:30:57] s
[15:30:57] e
[15:30:57] }
[15:30:57] }
[15:30:57] ,
[15:30:57] "
[15:30:57] g
[15:30:57] e
[15:30:57] n
[15:30:57] e
[15:30:57] r
[15:30:57] a
[15:30:57] l
[15:30:57] "
[15:30:57] :
[15:30:57] {
[15:30:57] "
[15:30:57] p
[15:30:57] o
[15:30:57] s
[15:30:57] i
[15:30:57] t
[15:30:57] i
[15:30:57] o
[15:30:57] n
[15:30:57] E
[15:30:57] n
[15:30:57] c
[15:30:57] o
[15:30:57] d
[15:30:57] i
[15:30:57] n
[15:30:57] g
[15:30:57] s
[15:30:57] "
[15:30:57] :
[15:30:57] [
[15:30:57] "
[15:30:57] u
[15:30:57] t
[15:30:57] f
[15:30:57] -
[15:30:57] 8
[15:30:57] "
[15:30:57] ,
[15:30:57] "
[15:30:57] u
[15:30:57] t
[15:30:57] f
[15:30:57] -
[15:30:57] 1
[15:30:57] 6
[15:30:57] "
[15:30:57] ,
[15:30:57] "
[15:30:57] u
[15:30:57] t
[15:30:57] f
[15:30:57] -
[15:30:57] 3
[15:30:57] 2
[15:30:57] "
[15:30:57] ]
[15:30:57] }
[15:30:57] ,
[15:30:57] "
[15:30:57] w
[15:30:57] i
[15:30:57] n
[15:30:57] d
[15:30:57] o
[15:30:57] w
[15:30:57] "
[15:30:57] :
[15:30:57] {
[15:30:57] "
[15:30:57] w
[15:30:57] o
[15:30:57] r
[15:30:57] k
[15:30:57] D
[15:30:57] o
[15:30:57] n
[15:30:57] e
[15:30:57] P
[15:30:57] r
[15:30:57] o
[15:30:57] g
[15:30:57] r
[15:30:57] e
[15:30:57] s
[15:30:57] s
[15:30:57] "
[15:30:57] :
[15:30:57] t
[15:30:57] r
[15:30:57] u
[15:30:57] e
[15:30:57] ,
[15:30:57] "
[15:30:57] s
[15:30:57] h
[15:30:57] o
[15:30:57] w
[15:30:57] M
[15:30:57] e
[15:30:57] s
[15:30:57] s
[15:30:57] a
[15:30:57] g
[15:30:57] e
[15:30:57] "
[15:30:57] :
[15:30:57] {
[15:30:57] "
[15:30:57] m
[15:30:57] e
[15:30:57] s
[15:30:57] s
[15:30:57] a
[15:30:57] g
[15:30:57] e
[15:30:57] A
[15:30:57] c
[15:30:57] t
[15:30:57] i
[15:30:57] o
[15:30:57] n
[15:30:57] I
[15:30:57] t
[15:30:57] e
[15:30:57] m
[15:30:57] "
[15:30:57] :
[15:30:57] {
[15:30:57] "
[15:30:57] a
[15:30:57] d
[15:30:57] d
[15:30:57] i
[15:30:57] t
[15:30:57] i
[15:30:57] o
[15:30:57] n
[15:30:57] a
[15:30:57] l
[15:30:57] P
[15:30:57] r
[15:30:57] o
[15:30:57] p
[15:30:57] e
[15:30:57] r
[15:30:57] t
[15:30:57] i
[15:30:57] e
[15:30:57] s
[15:30:57] S
[15:30:57] u
[15:30:57] p
[15:30:57] p
[15:30:57] o
[15:30:57] r
[15:30:57] t
[15:30:57] "
[15:30:57] :
[15:30:57] t
[15:30:57] r
[15:30:57] u
[15:30:57] e
[15:30:57] }
[15:30:57] }
[15:30:57] ,
[15:30:57] "
[15:30:57] s
[15:30:57] h
[15:30:57] o
[15:30:57] w
[15:30:57] D
[15:30:57] o
[15:30:57] c
[15:30:57] u
[15:30:57] m
[15:30:57] e
[15:30:57] n
[15:30:57] t
[15:30:57] "
[15:30:57] :
[15:30:57] {
[15:30:57] "
[15:30:57] s
[15:30:57] u
[15:30:57] p
[15:30:57] p
[15:30:57] o
[15:30:57] r
[15:30:57] t
[15:30:57] "
[15:30:57] :
[15:30:57] t
[15:30:57] r
[15:30:57] u
[15:30:57] e
[15:30:57] }
[15:30:57] }
[15:30:57] ,
[15:30:57] "
[15:30:57] t
[15:30:57] e
[15:30:57] x
[15:30:57] t
[15:30:57] D
[15:30:57] o
[15:30:57] c
[15:30:57] u
[15:30:57] m
[15:30:57] e
[15:30:57] n
[15:30:57] t
[15:30:57] "
[15:30:57] :
[15:30:57] {
[15:30:57] "
[15:30:57] s
[15:30:57] e
[15:30:57] m
[15:30:57] a
[15:30:57] n
[15:30:57] t
[15:30:57] i
[15:30:57] c
[15:30:57] T
[15:30:57] o
[15:30:57] k
[15:30:57] e
[15:30:57] n
[15:30:57] s
[15:30:57] "
[15:30:57] :
[15:30:57] {
[15:30:57] "
[15:30:57] o
[15:30:57] v
[15:30:57] e
[15:30:57] r
[15:30:57] l
[15:30:57] a
[15:30:57] p
[15:30:57] p
[15:30:57] i
[15:30:57] n
[15:30:57] g
[15:30:57] T
[15:30:57] o
[15:30:57] k
[15:30:57] e
[15:30:57] n
[15:30:57] S
[15:30:57] u
[15:30:57] p
[15:30:57] p
[15:30:57] o
[15:30:57] r
[15:30:57] t
[15:30:57] "
[15:30:57] :
[15:30:58] t
[15:30:58] r
[15:30:58] u
[15:30:58] e
[15:30:58] ,
[15:30:58] "
[15:30:58] m
[15:30:58] u
[15:30:58] l
[15:30:58] t
[15:30:58] i
[15:30:58] l
[15:30:58] i
[15:30:58] n
[15:30:58] e
[15:30:58] T
[15:30:58] o
[15:30:58] k
[15:30:58] e
[15:30:58] n
[15:30:58] S
[15:30:58] u
[15:30:58] p
[15:30:58] p
[15:30:58] o
[15:30:58] r
[15:30:58] t
[15:30:58] "
[15:30:58] :
[15:30:58] t
[15:30:58] r
[15:30:58] u
[15:30:58] e
[15:30:58] ,
[15:30:58] "
[15:30:58] s
[15:30:58] e
[15:30:58] r
[15:30:58] v
[15:30:58] e
[15:30:58] r
[15:30:58] C
[15:30:58] a
[15:30:58] n
[15:30:58] c
[15:30:58] e
[15:30:58] l
[15:30:58] S
[15:30:58] u
[15:30:58] p
[15:30:58] p
[15:30:58] o
[15:30:58] r
[15:30:58] t
[15:30:58] "
[15:30:58] :
[15:30:58] f
[15:30:58] a
[15:30:58] l
[15:30:58] s
[15:30:58] e
[15:30:58] ,
[15:30:58] "
[15:30:58] t
[15:30:58] o
[15:30:58] k
[15:30:58] e
[15:30:58] n
[15:30:58] T
[15:30:58] y
[15:30:58] p
[15:30:58] e
[15:30:58] s
[15:30:58] "
[15:30:58] :
[15:30:58] [
[15:30:58] "
[15:30:58] n
[15:30:58] a
[15:30:58] m
[15:30:58] e
[15:30:58] s
[15:30:58] p
[15:30:58] a
[15:30:58] c
[15:30:58] e
[15:30:58] "
[15:30:58] ,
[15:30:58] "
[15:30:58] t
[15:30:58] y
[15:30:58] p
[15:30:58] e
[15:30:58] "
[15:30:58] ,
[15:30:58] "
[15:30:58] c
[15:30:58] l
[15:30:58] a
[15:30:58] s
[15:30:58] s
[15:30:58] "
[15:30:58] ,
[15:30:58] "
[15:30:58] e
[15:30:58] n
[15:30:58] u
[15:30:58] m
[15:30:58] "
[15:30:58] ,
[15:30:58] "
[15:30:58] i
[15:30:58] n
[15:30:58] t
[15:30:58] e
[15:30:58] r
[15:30:58] f
[15:30:58] a
[15:30:58] c
[15:30:58] e
[15:30:58] "
[15:30:58] ,
[15:30:58] "
[15:30:58] s
[15:30:58] t
[15:30:58] r
[15:30:58] u
[15:30:58] c
[15:30:58] t
[15:30:58] "
[15:30:58] ,
[15:30:58] "
[15:30:58] t
[15:30:58] y
[15:30:58] p
[15:30:58] e
[15:30:58] P
[15:30:58] a
[15:30:58] r
[15:30:58] a
[15:30:58] m
[15:30:58] e
[15:30:58] t
[15:30:58] e
[15:30:58] r
[15:30:58] "
[15:30:58] ,
[15:30:58] "
[15:30:58] p
[15:30:58] a
[15:30:58] r
[15:30:58] a
[15:30:58] m
[15:30:58] e
[15:30:58] t
[15:30:58] e
[15:30:58] r
[15:30:58] "
[15:30:58] ,
[15:30:58] "
[15:30:58] v
[15:30:58] a
[15:30:58] r
[15:30:58] i
[15:30:58] a
[15:30:58] b
[15:30:58] l
[15:30:58] e
[15:30:58] "
[15:30:58] ,
[15:30:58] "
[15:30:58] p
[15:30:58] r
[15:30:58] o
[15:30:58] p
[15:30:58] e
[15:30:58] r
[15:30:58] t
[15:30:58] y
[15:30:58] "
[15:30:58] ,
[15:30:58] "
[15:30:58] e
[15:30:58] n
[15:30:58] u
[15:30:58] m
[15:30:58] M
[15:30:58] e
[15:30:58] m
[15:30:58] b
[15:30:58] e
[15:30:58] r
[15:30:58] "
[15:30:58] ,
[15:30:58] "
[15:30:58] e
[15:30:58] v
[15:30:58] e
[15:30:58] n
[15:30:58] t
[15:30:58] "
[15:30:58] ,
[15:30:58] "
[15:30:58] f
[15:30:58] u
[15:30:58] n
[15:30:58] c
[15:30:58] t
[15:30:58] i
[15:30:58] o
[15:30:58] n
[15:30:58] "
[15:30:58] ,
[15:30:58] "
[15:30:58] m
[15:30:58] e
[15:30:58] t
[15:30:58] h
[15:30:58] o
[15:30:58] d
[15:30:58] "
[15:30:58] ,
[15:30:58] "
[15:30:58] m
[15:30:58] a
[15:30:58] c
[15:30:58] r
[15:30:58] o
[15:30:58] "
[15:30:58] ,
[15:30:58] "
[15:30:58] k
[15:30:58] e
[15:30:58] y
[15:30:58] w
[15:30:58] o
[15:30:58] r
[15:30:58] d
[15:30:58] "
[15:30:58] ,
[15:30:58] "
[15:30:58] m
[15:30:58] o
[15:30:58] d
[15:30:58] i
[15:30:58] f
[15:30:58] i
[15:30:58] e
[15:30:58] r
[15:30:58] "
[15:30:58] ,
[15:30:58] "
[15:30:58] c
[15:30:58] o
[15:30:58] m
[15:30:58] m
[15:30:58] e
[15:30:58] n
[15:30:58] t
[15:30:58] "
[15:30:58] ,
[15:30:58] "
[15:30:58] s
[15:30:58] t
[15:30:58] r
[15:30:58] i
[15:30:58] n
[15:30:58] g
[15:30:58] "
[15:30:58] ,
[15:30:58] "
[15:30:58] n
[15:30:58] u
[15:30:58] m
[15:30:58] b
[15:30:58] e
[15:30:58] r
[15:30:58] "
[15:30:58] ,
[15:30:58] "
[15:30:58] r
[15:30:58] e
[15:30:58] g
[15:30:58] e
[15:30:58] x
[15:30:58] p
[15:30:58] "
[15:30:58] ,
[15:30:58] "
[15:30:58] o
[15:30:58] p
[15:30:58] e
[15:30:58] r
[15:30:58] a
[15:30:58] t
[15:30:58] o
[15:30:58] r
[15:30:58] "
[15:30:58] ,
[15:30:58] "
[15:30:58] d
[15:30:58] e
[15:30:58] c
[15:30:58] o
[15:30:58] r
[15:30:58] a
[15:30:58] t
[15:30:58] o
[15:30:58] r
[15:30:58] "
[15:30:58] ]
[15:30:58] ,
[15:30:58] "
[15:30:58] d
[15:30:58] y
[15:30:58] n
[15:30:58] a
[15:30:58] m
[15:30:58] i
[15:30:58] c
[15:30:58] R
[15:30:58] e
[15:30:58] g
[15:30:58] i
[15:30:58] s
[15:30:58] t
[15:30:58] r
[15:30:58] a
[15:30:58] t
[15:30:58] i
[15:30:58] o
[15:30:58] n
[15:30:58] "
[15:30:58] :
[15:30:58] f
[15:30:58] a
[15:30:58] l
[15:30:58] s
[15:30:58] e
[15:30:58] ,
[15:30:58] "
[15:30:58] t
[15:30:58] o
[15:30:58] k
[15:30:58] e
[15:30:58] n
[15:30:58] M
[15:30:58] o
[15:30:58] d
[15:30:58] i
[15:30:58] f
[15:30:58] i
[15:30:58] e
[15:30:58] r
[15:30:58] s
[15:30:58] "
[15:30:58] :
[15:30:58] [
[15:30:58] "
[15:30:58] d
[15:30:58] e
[15:30:58] c
[15:30:58] l
[15:30:58] a
[15:30:58] r
[15:30:58] a
[15:30:58] t
[15:30:58] i
[15:30:58] o
[15:30:58] n
[15:30:58] "
[15:30:58] ,
[15:30:58] "
[15:30:58] d
[15:30:58] e
[15:30:58] f
[15:30:58] i
[15:30:58] n
[15:30:58] i
[15:30:58] t
[15:30:58] i
[15:30:58] o
[15:30:58] n
[15:30:58] "
[15:30:58] ,
[15:30:58] "
[15:30:58] r
[15:30:58] e
[15:30:58] a
[15:30:58] d
[15:30:58] o
[15:30:58] n
[15:30:58] l
[15:30:58] y
[15:30:58] "
[15:30:58] ,
[15:30:58] "
[15:30:58] s
[15:30:58] t
[15:30:58] a
[15:30:58] t
[15:30:58] i
[15:30:58] c
[15:30:58] "
[15:30:58] ,
[15:30:58] "
[15:30:58] d
[15:30:58] e
[15:30:58] p
[15:30:58] r
[15:30:58] e
[15:30:58] c
[15:30:58] a
[15:30:58] t
[15:30:58] e
[15:30:58] d
[15:30:58] "
[15:30:58] ,
[15:30:58] "
[15:30:58] a
[15:30:58] b
[15:30:58] s
[15:30:58] t
[15:30:58] r
[15:30:58] a
[15:30:58] c
[15:30:58] t
[15:30:58] "
[15:30:58] ,
[15:30:58] "
[15:30:58] a
[15:30:58] s
[15:30:58] y
[15:30:58] n
[15:30:58] c
[15:30:58] "
[15:30:58] ,
[15:30:58] "
[15:30:58] m
[15:30:58] o
[15:30:58] d
[15:30:58] i
[15:30:58] f
[15:30:58] i
[15:30:58] c
[15:30:58] a
[15:30:58] t
[15:30:58] i
[15:30:58] o
[15:30:58] n
[15:30:58] "
[15:30:58] ,
[15:30:58] "
[15:30:58] d
[15:30:58] o
[15:30:58] c
[15:30:58] u
[15:30:58] m
[15:30:58] e
[15:30:58] n
[15:30:58] t
[15:30:58] a
[15:30:58] t
[15:30:58] i
[15:30:58] o
[15:30:58] n
[15:30:58] "
[15:30:58] ,
[15:30:58] "
[15:30:58] d
[15:30:58] e
[15:30:58] f
[15:30:58] a
[15:30:58] u
[15:30:58] l
[15:30:58] t
[15:30:58] L
[15:30:58] i
[15:30:58] b
[15:30:58] r
[15:30:58] a
[15:30:58] r
[15:30:58] y
[15:30:58] "
[15:30:58] ]
[15:30:58] ,
[15:30:58] "
[15:30:58] r
[15:30:58] e
[15:30:58] q
[15:30:58] u
[15:30:58] e
[15:30:58] s
[15:30:58] t
[15:30:58] s
[15:30:58] "
[15:30:58] :
[15:30:58] {
[15:30:58] "
[15:30:58] f
[15:30:58] u
[15:30:58] l
[15:30:58] l
[15:30:58] "
[15:30:58] :
[15:30:58] {
[15:30:58] "
[15:30:58] d
[15:30:58] e
[15:30:58] l
[15:30:58] t
[15:30:58] a
[15:30:58] "
[15:30:58] :
[15:30:58] t
[15:30:58] r
[15:30:58] u
[15:30:58] e
[15:30:58] }
[15:30:58] ,
[15:30:58] "
[15:30:58] r
[15:30:58] a
[15:30:58] n
[15:30:58] g
[15:30:58] e
[15:30:58] "
[15:30:58] :
[15:30:58] f
[15:30:58] a
[15:30:58] l
[15:30:58] s
[15:30:58] e
[15:30:58] }
[15:30:58] ,
[15:30:58] "
[15:30:58] f
[15:30:58] o
[15:30:58] r
[15:30:58] m
[15:30:58] a
[15:30:58] t
[15:30:58] s
[15:30:58] "
[15:30:58] :
[15:30:58] [
[15:30:58] "
[15:30:58] r
[15:30:58] e
[15:30:58] l
[15:30:58] a
[15:30:58] t
[15:30:58] i
[15:30:58] v
[15:30:58] e
[15:30:58] "
[15:30:58] ]
[15:30:58] ,
[15:30:58] "
[15:30:58] a
[15:30:58] u
[15:30:58] g
[15:30:58] m
[15:30:58] e
[15:30:58] n
[15:30:58] t
[15:30:58] s
[15:30:58] S
[15:30:58] y
[15:30:58] n
[15:30:58] t
[15:30:58] a
[15:30:58] x
[15:30:58] T
[15:30:58] o
[15:30:58] k
[15:30:58] e
[15:30:58] n
[15:30:58] s
[15:30:58] "
[15:30:58] :
[15:30:58] t
[15:30:58] r
[15:30:58] u
[15:30:58] e
[15:30:58] }
[15:30:58] ,
[15:30:58] "
[15:30:58] p
[15:30:58] u
[15:30:58] b
[15:30:58] l
[15:30:58] i
[15:30:58] s
[15:30:58] h
[15:30:58] D
[15:30:58] i
[15:30:58] a
[15:30:58] g
[15:30:58] n
[15:30:58] o
[15:30:58] s
[15:30:58] t
[15:30:58] i
[15:30:58] c
[15:30:58] s
[15:30:58] "
[15:30:58] :
[15:30:58] {
[15:30:58] "
[15:30:58] r
[15:30:58] e
[15:30:58] l
[15:30:58] a
[15:30:58] t
[15:30:58] e
[15:30:58] d
[15:30:58] I
[15:30:58] n
[15:30:58] f
[15:30:58] o
[15:30:58] r
[15:30:58] m
[15:30:58] a
[15:30:58] t
[15:30:58] i
[15:30:58] o
[15:30:58] n
[15:30:58] "
[15:30:58] :
[15:30:58] t
[15:30:58] r
[15:30:58] u
[15:30:58] e
[15:30:58] ,
[15:30:58] "
[15:30:58] t
[15:30:58] a
[15:30:58] g
[15:30:58] S
[15:30:58] u
[15:30:58] p
[15:30:58] p
[15:30:58] o
[15:30:58] r
[15:30:58] t
[15:30:58] "
[15:30:58] :
[15:30:58] {
[15:30:58] "
[15:30:58] v
[15:30:58] a
[15:30:58] l
[15:30:58] u
[15:30:58] e
[15:30:58] S
[15:30:58] e
[15:30:58] t
[15:30:58] "
[15:30:58] :
[15:30:58] [
[15:30:58] 1
[15:30:58] ,
[15:30:58] 2
[15:30:58] ]
[15:30:58] }
[15:30:58] ,
[15:30:58] "
[15:30:58] d
[15:30:58] a
[15:30:58] t
[15:30:58] a
[15:30:58] S
[15:30:58] u
[15:30:58] p
[15:30:58] p
[15:30:58] o
[15:30:58] r
[15:30:58] t
[15:30:58] "
[15:30:58] :
[15:30:58] t
[15:30:58] r
[15:30:58] u
[15:30:58] e
[15:30:58] }
[15:30:58] ,
[15:30:58] "
[15:30:58] f
[15:30:58] o
[15:30:58] r
[15:30:58] m
[15:30:58] a
[15:30:58] t
[15:30:58] t
[15:30:58] i
[15:30:58] n
[15:30:58] g
[15:30:58] "
[15:30:58] :
[15:30:58] {
[15:30:58] "
[15:30:58] d
[15:30:58] y
[15:30:58] n
[15:30:58] a
[15:30:58] m
[15:30:58] i
[15:30:58] c
[15:30:58] R
[15:30:58] e
[15:30:58] g
[15:30:58] i
[15:30:58] s
[15:30:58] t
[15:30:58] r
[15:30:58] a
[15:30:58] t
[15:30:58] i
[15:30:58] o
[15:30:58] n
[15:30:58] "
[15:30:58] :
[15:30:58] t
[15:30:58] r
[15:30:58] u
[15:30:58] e
[15:30:58] }
[15:30:58] ,
[15:30:58] "
[15:30:58] c
[15:30:58] o
[15:30:58] l
[15:30:58] o
[15:30:58] r
[15:30:58] P
[15:30:58] r
[15:30:58] o
[15:30:58] v
[15:30:58] i
[15:30:58] d
[15:30:58] e
[15:30:58] r
[15:30:58] "
[15:30:58] :
[15:30:58] {
[15:30:58] "
[15:30:58] d
[15:30:58] y
[15:30:58] n
[15:30:58] a
[15:30:58] m
[15:30:58] i
[15:30:58] c
[15:30:58] R
[15:30:58] e
[15:30:58] g
[15:30:58] i
[15:30:58] s
[15:30:58] t
[15:30:58] r
[15:30:58] a
[15:30:58] t
[15:30:58] i
[15:30:58] o
[15:30:58] n
[15:30:58] "
[15:30:58] :
[15:30:58] t
[15:30:58] r
[15:30:58] u
[15:30:58] e
[15:30:58] }
[15:30:58] ,
[15:30:58] "
[15:30:58] s
[15:30:58] e
[15:30:58] l
[15:30:58] e
[15:30:58] c
[15:30:58] t
[15:30:58] i
[15:30:58] o
[15:30:58] n
[15:30:58] R
[15:30:58] a
[15:30:58] n
[15:30:58] g
[15:30:58] e
[15:30:58] "
[15:30:58] :
[15:30:58] {
[15:30:58] "
[15:30:58] d
[15:30:58] y
[15:30:58] n
[15:30:58] a
[15:30:58] m
[15:30:58] i
[15:30:58] c
[15:30:58] R
[15:30:58] e
[15:30:58] g
[15:30:58] i
[15:30:58] s
[15:30:58] t
[15:30:58] r
[15:30:58] a
[15:30:58] t
[15:30:58] i
[15:30:58] o
[15:30:58] n
[15:30:58] "
[15:30:58] :
[15:30:58] f
[15:30:58] a
[15:30:58] l
[15:30:58] s
[15:30:58] e
[15:30:58] }
[15:30:58] ,
[15:30:58] "
[15:30:58] l
[15:30:58] i
[15:30:58] n
[15:30:58] k
[15:30:58] e
[15:30:58] d
[15:30:58] E
[15:30:58] d
[15:30:58] i
[15:30:58] t
[15:30:58] i
[15:30:58] n
[15:30:58] g
[15:30:58] R
[15:30:58] a
[15:30:58] n
[15:30:58] g
[15:30:58] e
[15:30:58] "
[15:30:58] :
[15:30:58] {
[15:30:58] "
[15:30:58] d
[15:30:58] y
[15:30:58] n
[15:30:58] a
[15:30:58] m
[15:30:58] i
[15:30:58] c
[15:30:58] R
[15:30:58] e
[15:30:58] g
[15:30:58] i
[15:30:58] s
[15:30:58] t
[15:30:58] r
[15:30:58] a
[15:30:58] t
[15:30:58] i
[15:30:58] o
[15:30:58] n
[15:30:58] "
[15:30:58] :
[15:30:58] f
[15:30:58] a
[15:30:58] l
[15:30:58] s
[15:30:58] e
[15:30:58] }
[15:30:58] ,
[15:30:58] "
[15:30:58] r
[15:30:58] e
[15:30:58] n
[15:30:58] a
[15:30:58] m
[15:30:58] e
[15:30:58] "
[15:30:58] :
[15:30:58] {
[15:30:58] "
[15:30:58] d
[15:30:58] y
[15:30:58] n
[15:30:58] a
[15:30:58] m
[15:30:58] i
[15:30:58] c
[15:30:58] R
[15:30:58] e
[15:30:58] g
[15:30:58] i
[15:30:58] s
[15:30:58] t
[15:30:58] r
[15:30:58] a
[15:30:58] t
[15:30:58] i
[15:30:58] o
[15:30:58] n
[15:30:58] "
[15:30:58] :
[15:30:58] t
[15:30:58] r
[15:30:58] u
[15:30:58] e
[15:30:58] ,
[15:30:58] "
[15:30:58] p
[15:30:58] r
[15:30:58] e
[15:30:58] p
[15:30:58] a
[15:30:58] r
[15:30:58] e
[15:30:58] S
[15:30:58] u
[15:30:58] p
[15:30:58] p
[15:30:58] o
[15:30:58] r
[15:30:58] t
[15:30:58] "
[15:30:58] :
[15:30:58] t
[15:30:58] r
[15:30:58] u
[15:30:58] e
[15:30:58] ,
[15:30:58] "
[15:30:58] h
[15:30:58] o
[15:30:58] n
[15:30:58] o
[15:30:58] r
[15:30:58] s
[15:30:58] C
[15:30:58] h
[15:30:58] a
[15:30:58] n
[15:30:58] g
[15:30:58] e
[15:30:58] A
[15:30:58] n
[15:30:58] n
[15:30:58] o
[15:30:58] t
[15:30:58] a
[15:30:58] t
[15:30:58] i
[15:30:58] o
[15:30:58] n
[15:30:58] s
[15:30:58] "
[15:30:58] :
[15:30:58] t
[15:30:58] r
[15:30:58] u
[15:30:58] e
[15:30:58] }
[15:30:58] ,
[15:30:58] "
[15:30:58] f
[15:30:58] o
[15:30:58] l
[15:30:58] d
[15:30:58] i
[15:30:58] n
[15:30:58] g
[15:30:58] R
[15:30:58] a
[15:30:58] n
[15:30:58] g
[15:30:58] e
[15:30:58] "
[15:30:58] :
[15:30:58] {
[15:30:58] "
[15:30:58] l
[15:30:58] i
[15:30:58] n
[15:30:58] e
[15:30:58] F
[15:30:58] o
[15:30:58] l
[15:30:58] d
[15:30:58] i
[15:30:58] n
[15:30:58] g
[15:30:58] O
[15:30:58] n
[15:30:58] l
[15:30:58] y
[15:30:58] "
[15:30:58] :
[15:30:58] t
[15:30:58] r
[15:30:58] u
[15:30:58] e
[15:30:58] ,
[15:30:58] "
[15:30:58] d
[15:30:58] y
[15:30:58] n
[15:30:58] a
[15:30:58] m
[15:30:58] i
[15:30:58] c
[15:30:58] R
[15:30:58] e
[15:30:58] g
[15:30:58] i
[15:30:58] s
[15:30:58] t
[15:30:58] r
[15:30:58] a
[15:30:58] t
[15:30:58] i
[15:30:58] o
[15:30:58] n
[15:30:58] "
[15:30:58] :
[15:30:58] f
[15:30:58] a
[15:30:58] l
[15:30:58] s
[15:30:58] e
[15:30:58] ,
[15:30:58] "
[15:30:58] f
[15:30:58] o
[15:30:58] l
[15:30:58] d
[15:30:58] i
[15:30:58] n
[15:30:58] g
[15:30:58] R
[15:30:58] a
[15:30:58] n
[15:30:58] g
[15:30:58] e
[15:30:58] K
[15:30:58] i
[15:30:58] n
[15:30:58] d
[15:30:58] "
[15:30:58] :
[15:30:58] {
[15:30:58] "
[15:30:58] v
[15:30:58] a
[15:30:58] l
[15:30:58] u
[15:30:58] e
[15:30:58] S
[15:30:58] e
[15:30:58] t
[15:30:58] "
[15:30:58] :
[15:30:58] [
[15:30:58] "
[15:30:58] c
[15:30:58] o
[15:30:58] m
[15:30:58] m
[15:30:58] e
[15:30:58] n
[15:30:58] t
[15:30:58] "
[15:30:58] ,
[15:30:58] "
[15:30:58] i
[15:30:58] m
[15:30:58] p
[15:30:58] o
[15:30:58] r
[15:30:58] t
[15:30:58] s
[15:30:58] "
[15:30:58] ,
[15:30:58] "
[15:30:58] r
[15:30:58] e
[15:30:58] g
[15:30:58] i
[15:30:58] o
[15:30:58] n
[15:30:58] "
[15:30:58] ]
[15:30:58] }
[15:30:58] ,
[15:30:58] "
[15:30:58] f
[15:30:58] o
[15:30:58] l
[15:30:58] d
[15:30:58] i
[15:30:58] n
[15:30:58] g
[15:30:58] R
[15:30:58] a
[15:30:58] n
[15:30:58] g
[15:30:58] e
[15:30:58] "
[15:30:58] :
[15:30:58] {
[15:30:58] "
[15:30:58] c
[15:30:58] o
[15:30:58] l
[15:30:58] l
[15:30:58] a
[15:30:58] p
[15:30:58] s
[15:30:58] e
[15:30:58] d
[15:30:58] T
[15:30:58] e
[15:30:58] x
[15:30:58] t
[15:30:58] "
[15:30:58] :
[15:30:58] t
[15:30:58] r
[15:30:58] u
[15:30:58] e
[15:30:58] }
[15:30:58] }
[15:30:58] ,
[15:30:58] "
[15:30:58] h
[15:30:58] o
[15:30:58] v
[15:30:58] e
[15:30:58] r
[15:30:58] "
[15:30:58] :
[15:30:58] {
[15:30:58] "
[15:30:58] c
[15:30:58] o
[15:30:58] n
[15:30:58] t
[15:30:58] e
[15:30:58] n
[15:30:58] t
[15:30:58] F
[15:30:58] o
[15:30:58] r
[15:30:58] m
[15:30:58] a
[15:30:58] t
[15:30:58] "
[15:30:58] :
[15:30:58] [
[15:30:58] "
[15:30:58] m
[15:30:58] a
[15:30:58] r
[15:30:58] k
[15:30:58] d
[15:30:58] o
[15:30:58] w
[15:30:58] n
[15:30:58] "
[15:30:58] ,
[15:30:58] "
[15:30:58] p
[15:30:58] l
[15:30:58] a
[15:30:58] i
[15:30:58] n
[15:30:58] t
[15:30:58] e
[15:30:58] x
[15:30:58] t
[15:30:58] "
[15:30:58] ]
[15:30:58] ,
[15:30:58] "
[15:30:58] d
[15:30:58] y
[15:30:58] n
[15:30:58] a
[15:30:58] m
[15:30:58] i
[15:30:58] c
[15:30:58] R
[15:30:58] e
[15:30:58] g
[15:30:58] i
[15:30:58] s
[15:30:58] t
[15:30:58] r
[15:30:58] a
[15:30:58] t
[15:30:58] i
[15:30:58] o
[15:30:58] n
[15:30:58] "
[15:30:58] :
[15:30:58] t
[15:30:58] r
[15:30:58] u
[15:30:58] e
[15:30:58] }
[15:30:58] ,
[15:30:58] "
[15:30:58] c
[15:30:58] o
[15:30:58] d
[15:30:58] e
[15:30:58] A
[15:30:58] c
[15:30:58] t
[15:30:58] i
[15:30:58] o
[15:30:58] n
[15:30:58] "
[15:30:58] :
[15:30:58] {
[15:30:58] "
[15:30:58] c
[15:30:58] o
[15:30:58] d
[15:30:58] e
[15:30:58] A
[15:30:58] c
[15:30:58] t
[15:30:58] i
[15:30:58] o
[15:30:58] n
[15:30:58] L
[15:30:58] i
[15:30:58] t
[15:30:58] e
[15:30:58] r
[15:30:58] a
[15:30:58] l
[15:30:58] S
[15:30:58] u
[15:30:58] p
[15:30:58] p
[15:30:58] o
[15:30:58] r
[15:30:58] t
[15:30:58] "
[15:30:58] :
[15:30:58] {
[15:30:58] "
[15:30:58] c
[15:30:58] o
[15:30:58] d
[15:30:58] e
[15:30:58] A
[15:30:58] c
[15:30:58] t
[15:30:58] i
[15:30:58] o
[15:30:58] n
[15:30:58] K
[15:30:58] i
[15:30:58] n
[15:30:58] d
[15:30:58] "
[15:30:58] :
[15:30:58] {
[15:30:58] "
[15:30:58] v
[15:30:58] a
[15:30:58] l
[15:30:58] u
[15:30:58] e
[15:30:58] S
[15:30:58] e
[15:30:58] t
[15:30:58] "
[15:30:58] :
[15:30:58] [
[15:30:58] "
[15:30:58] "
[15:30:58] ,
[15:30:58] "
[15:30:58] q
[15:30:58] u
[15:30:58] i
[15:30:58] c
[15:30:58] k
[15:30:58] f
[15:30:58] i
[15:30:58] x
[15:30:58] "
[15:30:58] ,
[15:30:58] "
[15:30:58] r
[15:30:58] e
[15:30:58] f
[15:30:58] a
[15:30:58] c
[15:30:58] t
[15:30:58] o
[15:30:58] r
[15:30:58] "
[15:30:58] ,
[15:30:58] "
[15:30:58] r
[15:30:58] e
[15:30:58] f
[15:30:58] a
[15:30:58] c
[15:30:58] t
[15:30:58] o
[15:30:58] r
[15:30:58] .
[15:30:58] e
[15:30:58] x
[15:30:58] t
[15:30:58] r
[15:30:58] a
[15:30:58] c
[15:30:58] t
[15:30:58] "
[15:30:58] ,
[15:30:58] "
[15:30:58] r
[15:30:58] e
[15:30:58] f
[15:30:58] a
[15:30:58] c
[15:30:58] t
[15:30:58] o
[15:30:58] r
[15:30:58] .
[15:30:58] i
[15:30:58] n
[15:30:58] l
[15:30:58] i
[15:30:58] n
[15:30:58] e
[15:30:58] "
[15:30:58] ,
[15:30:58] "
[15:30:58] r
[15:30:58] e
[15:30:58] f
[15:30:58] a
[15:30:58] c
[15:30:58] t
[15:30:58] o
[15:30:58] r
[15:30:58] .
[15:30:58] r
[15:30:58] e
[15:30:58] w
[15:30:58] r
[15:30:58] i
[15:30:58] t
[15:30:58] e
[15:30:58] "
[15:30:58] ,
[15:30:58] "
[15:30:58] s
[15:30:58] o
[15:30:58] u
[15:30:58] r
[15:30:58] c
[15:30:58] e
[15:30:58] "
[15:30:58] ,
[15:30:58] "
[15:30:58] s
[15:30:58] o
[15:30:58] u
[15:30:58] r
[15:30:58] c
[15:30:58] e
[15:30:58] .
[15:30:58] o
[15:30:58] r
[15:30:58] g
[15:30:58] a
[15:30:58] n
[15:30:58] i
[15:30:58] z
[15:30:58] e
[15:30:58] I
[15:30:58] m
[15:30:58] p
[15:30:58] o
[15:30:58] r
[15:30:58] t
[15:30:58] s
[15:30:58] "
[15:30:58] ]
[15:30:58] }
[15:30:58] }
[15:30:58] ,
[15:30:58] "
[15:30:58] d
[15:30:58] i
[15:30:58] s
[15:30:58] a
[15:30:58] b
[15:30:58] l
[15:30:58] e
[15:30:58] d
[15:30:58] S
[15:30:58] u
[15:30:58] p
[15:30:58] p
[15:30:58] o
[15:30:58] r
[15:30:58] t
[15:30:58] "
[15:30:58] :
[15:30:58] t
[15:30:58] r
[15:30:58] u
[15:30:58] e
[15:30:58] ,
[15:30:58] "
[15:30:58] i
[15:30:58] s
[15:30:58] P
[15:30:58] r
[15:30:58] e
[15:30:58] f
[15:30:58] e
[15:30:58] r
[15:30:58] r
[15:30:58] e
[15:30:58] d
[15:30:58] S
[15:30:58] u
[15:30:58] p
[15:30:58] p
[15:30:58] o
[15:30:58] r
[15:30:58] t
[15:30:58] "
[15:30:58] :
[15:30:58] t
[15:30:58] r
[15:30:58] u
[15:30:58] e
[15:30:58] ,
[15:30:58] "
[15:30:58] d
[15:30:58] a
[15:30:58] t
[15:30:58] a
[15:30:58] S
[15:30:58] u
[15:30:58] p
[15:30:58] p
[15:30:58] o
[15:30:58] r
[15:30:58] t
[15:30:58] "
[15:30:58] :
[15:30:58] t
[15:30:58] r
[15:30:58] u
[15:30:58] e
[15:30:58] ,
[15:30:58] "
[15:30:58] h
[15:30:58] o
[15:30:58] n
[15:30:58] o
[15:30:58] r
[15:30:58] s
[15:30:58] C
[15:30:58] h
[15:30:58] a
[15:30:58] n
[15:30:58] g
[15:30:58] e
[15:30:58] A
[15:30:58] n
[15:30:58] n
[15:30:58] o
[15:30:58] t
[15:30:58] a
[15:30:58] t
[15:30:58] i
[15:30:58] o
[15:30:58] n
[15:30:58] s
[15:30:58] "
[15:30:58] :
[15:30:58] t
[15:30:58] r
[15:30:58] u
[15:30:58] e
[15:30:58] ,
[15:30:58] "
[15:30:58] d
[15:30:58] y
[15:30:58] n
[15:30:58] a
[15:30:58] m
[15:30:58] i
[15:30:58] c
[15:30:58] R
[15:30:58] e
[15:30:58] g
[15:30:58] i
[15:30:58] s
[15:30:58] t
[15:30:58] r
[15:30:58] a
[15:30:58] t
[15:30:58] i
[15:30:58] o
[15:30:58] n
[15:30:58] "
[15:30:58] :
[15:30:58] t
[15:30:58] r
[15:30:58] u
[15:30:58] e
[15:30:58] ,
[15:30:58] "
[15:30:58] r
[15:30:58] e
[15:30:58] s
[15:30:58] o
[15:30:58] l
[15:30:58] v
[15:30:58] e
[15:30:58] S
[15:30:58] u
[15:30:58] p
[15:30:58] p
[15:30:58] o
[15:30:58] r
[15:30:58] t
[15:30:58] "
[15:30:58] :
[15:30:58] {
[15:30:58] "
[15:30:58] p
[15:30:58] r
[15:30:58] o
[15:30:58] p
[15:30:58] e
[15:30:58] r
[15:30:58] t
[15:30:58] i
[15:30:58] e
[15:30:58] s
[15:30:58] "
[15:30:58] :
[15:30:58] [
[15:30:58] "
[15:30:58] e
[15:30:58] d
[15:30:58] i
[15:30:58] t
[15:30:58] "
[15:30:58] ,
[15:30:58] "
[15:30:58] c
[15:30:58] o
[15:30:58] m
[15:30:58] m
[15:30:58] a
[15:30:58] n
[15:30:58] d
[15:30:58] "
[15:30:58] ]
[15:30:58] }
[15:30:58] }
[15:30:58] ,
[15:30:58] "
[15:30:58] i
[15:30:58] m
[15:30:58] p
[15:30:58] l
[15:30:58] e
[15:30:58] m
[15:30:58] e
[15:30:58] n
[15:30:58] t
[15:30:58] a
[15:30:58] t
[15:30:58] i
[15:30:58] o
[15:30:58] n
[15:30:58] "
[15:30:58] :
[15:30:58] {
[15:30:58] "
[15:30:58] l
[15:30:58] i
[15:30:58] n
[15:30:58] k
[15:30:58] S
[15:30:58] u
[15:30:58] p
[15:30:58] p
[15:30:58] o
[15:30:58] r
[15:30:58] t
[15:30:58] "
[15:30:58] :
[15:30:58] t
[15:30:58] r
[15:30:58] u
[15:30:58] e
[15:30:58] }
[15:30:58] ,
[15:30:58] "
[15:30:58] d
[15:30:58] e
[15:30:58] c
[15:30:58] l
[15:30:58] a
[15:30:58] r
[15:30:58] a
[15:30:58] t
[15:30:58] i
[15:30:58] o
[15:30:58] n
[15:30:58] "
[15:30:58] :
[15:30:58] {
[15:30:58] "
[15:30:58] l
[15:30:58] i
[15:30:58] n
[15:30:58] k
[15:30:58] S
[15:30:58] u
[15:30:58] p
[15:30:58] p
[15:30:58] o
[15:30:58] r
[15:30:58] t
[15:30:58] "
[15:30:58] :
[15:30:58] t
[15:30:58] r
[15:30:58] u
[15:30:58] e
[15:30:58] }
[15:30:58] ,
[15:30:58] "
[15:30:58] d
[15:30:58] o
[15:30:58] c
[15:30:58] u
[15:30:58] m
[15:30:58] e
[15:30:58] n
[15:30:58] t
[15:30:58] H
[15:30:58] i
[15:30:58] g
[15:30:58] h
[15:30:58] l
[15:30:58] i
[15:30:58] g
[15:30:58] h
[15:30:58] t
[15:30:58] "
[15:30:58] :
[15:30:58] {
[15:30:58] "
[15:30:58] d
[15:30:58] y
[15:30:58] n
[15:30:58] a
[15:30:58] m
[15:30:58] i
[15:30:58] c
[15:30:58] R
[15:30:58] e
[15:30:58] g
[15:30:58] i
[15:30:58] s
[15:30:58] t
[15:30:58] r
[15:30:58] a
[15:30:58] t
[15:30:58] i
[15:30:58] o
[15:30:58] n
[15:30:58] "
[15:30:58] :
[15:30:58] f
[15:30:58] a
[15:30:58] l
[15:30:58] s
[15:30:58] e
[15:30:58] }
[15:30:58] ,
[15:30:58] "
[15:30:58] s
[15:30:58] y
[15:30:58] n
[15:30:58] c
[15:30:58] h
[15:30:58] r
[15:30:58] o
[15:30:58] n
[15:30:58] i
[15:30:58] z
[15:30:58] a
[15:30:58] t
[15:30:58] i
[15:30:58] o
[15:30:58] n
[15:30:58] "
[15:30:58] :
[15:30:58] {
[15:30:58] "
[15:30:58] d
[15:30:58] y
[15:30:58] n
[15:30:58] a
[15:30:58] m
[15:30:58] i
[15:30:58] c
[15:30:58] R
[15:30:58] e
[15:30:58] g
[15:30:58] i
[15:30:58] s
[15:30:58] t
[15:30:58] r
[15:30:58] a
[15:30:58] t
[15:30:58] i
[15:30:58] o
[15:30:58] n
[15:30:58] "
[15:30:58] :
[15:30:58] f
[15:30:58] a
[15:30:58] l
[15:30:58] s
[15:30:58] e
[15:30:58] ,
[15:30:58] "
[15:30:58] w
[15:30:58] i
[15:30:58] l
[15:30:58] l
[15:30:58] S
[15:30:58] a
[15:30:58] v
[15:30:58] e
[15:30:58] "
[15:30:58] :
[15:30:58] t
[15:30:58] r
[15:30:58] u
[15:30:58] e
[15:30:58] ,
[15:30:58] "
[15:30:58] w
[15:30:58] i
[15:30:58] l
[15:30:58] l
[15:30:58] S
[15:30:58] a
[15:30:58] v
[15:30:58] e
[15:30:58] W
[15:30:58] a
[15:30:58] i
[15:30:58] t
[15:30:58] U
[15:30:58] n
[15:30:58] t
[15:30:58] i
[15:30:58] l
[15:30:58] "
[15:30:58] :
[15:30:58] t
[15:30:58] r
[15:30:58] u
[15:30:58] e
[15:30:58] ,
[15:30:58] "
[15:30:58] d
[15:30:58] i
[15:30:58] d
[15:30:58] S
[15:30:58] a
[15:30:58] v
[15:30:58] e
[15:30:58] "
[15:30:58] :
[15:30:58] t
[15:30:58] r
[15:30:58] u
[15:30:58] e
[15:30:58] }
[15:30:58] ,
[15:30:58] "
[15:30:58] i
[15:30:58] n
[15:30:58] l
[15:30:58] a
[15:30:58] y
[15:30:58] H
[15:30:58] i
[15:30:58] n
[15:30:58] t
[15:30:58] "
[15:30:58] :
[15:30:58] {
[15:30:58] "
[15:30:58] r
[15:30:58] e
[15:30:58] s
[15:30:58] o
[15:30:58] l
[15:30:58] v
[15:30:58] e
[15:30:58] S
[15:30:58] u
[15:30:58] p
[15:30:58] p
[15:30:58] o
[15:30:58] r
[15:30:58] t
[15:30:58] "
[15:30:58] :
[15:30:58] {
[15:30:58] "
[15:30:58] p
[15:30:58] r
[15:30:58] o
[15:30:58] p
[15:30:58] e
[15:30:58] r
[15:30:58] t
[15:30:58] i
[15:30:58] e
[15:30:58] s
[15:30:58] "
[15:30:58] :
[15:30:58] [
[15:30:58] "
[15:30:58] t
[15:30:58] e
[15:30:58] x
[15:30:58] t
[15:30:58] E
[15:30:58] d
[15:30:58] i
[15:30:58] t
[15:30:58] s
[15:30:58] "
[15:30:58] ,
[15:30:58] "
[15:30:58] t
[15:30:58] o
[15:30:58] o
[15:30:58] l
[15:30:58] t
[15:30:58] i
[15:30:58] p
[15:30:58] "
[15:30:58] ,
[15:30:58] "
[15:30:58] l
[15:30:58] o
[15:30:58] c
[15:30:58] a
[15:30:58] t
[15:30:58] i
[15:30:58] o
[15:30:58] n
[15:30:58] "
[15:30:58] ,
[15:30:58] "
[15:30:58] c
[15:30:58] o
[15:30:58] m
[15:30:58] m
[15:30:58] a
[15:30:58] n
[15:30:58] d
[15:30:58] "
[15:30:58] ]
[15:30:58] }
[15:30:58] ,
[15:30:58] "
[15:30:58] d
[15:30:58] y
[15:30:58] n
[15:30:58] a
[15:30:58] m
[15:30:58] i
[15:30:58] c
[15:30:58] R
[15:30:58] e
[15:30:58] g
[15:30:58] i
[15:30:58] s
[15:30:58] t
[15:30:58] r
[15:30:58] a
[15:30:58] t
[15:30:58] i
[15:30:58] o
[15:30:58] n
[15:30:58] "
[15:30:58] :
[15:30:58] t
[15:30:58] r
[15:30:58] u
[15:30:58] e
[15:30:58] }
[15:30:58] ,
[15:30:58] "
[15:30:58] t
[15:30:58] y
[15:30:58] p
[15:30:58] e
[15:30:58] D
[15:30:58] e
[15:30:58] f
[15:30:58] i
[15:30:58] n
[15:30:58] i
[15:30:58] t
[15:30:58] i
[15:30:58] o
[15:30:58] n
[15:30:58] "
[15:30:58] :
[15:30:58] {
[15:30:58] "
[15:30:58] l
[15:30:58] i
[15:30:58] n
[15:30:58] k
[15:30:58] S
[15:30:58] u
[15:30:58] p
[15:30:58] p
[15:30:58] o
[15:30:58] r
[15:30:58] t
[15:30:58] "
[15:30:58] :
[15:30:58] t
[15:30:58] r
[15:30:58] u
[15:30:58] e
[15:30:58] }
[15:30:58] ,
[15:30:58] "
[15:30:58] d
[15:30:58] i
[15:30:58] a
[15:30:58] g
[15:30:58] n
[15:30:58] o
[15:30:58] s
[15:30:58] t
[15:30:58] i
[15:30:58] c
[15:30:58] "
[15:30:58] :
[15:30:58] {
[15:30:58] "
[15:30:58] d
[15:30:58] y
[15:30:58] n
[15:30:58] a
[15:30:58] m
[15:30:58] i
[15:30:58] c
[15:30:58] R
[15:30:58] e
[15:30:58] g
[15:30:58] i
[15:30:58] s
[15:30:58] t
[15:30:58] r
[15:30:58] a
[15:30:58] t
[15:30:58] i
[15:30:58] o
[15:30:58] n
[15:30:58] "
[15:30:58] :
[15:30:58] f
[15:30:58] a
[15:30:58] l
[15:30:58] s
[15:30:58] e
[15:30:58] ,
[15:30:58] "
[15:30:58] t
[15:30:58] a
[15:30:58] g
[15:30:58] S
[15:30:58] u
[15:30:58] p
[15:30:58] p
[15:30:58] o
[15:30:58] r
[15:30:58] t
[15:30:58] "
[15:30:58] :
[15:30:58] {
[15:30:58] "
[15:30:58] v
[15:30:58] a
[15:30:58] l
[15:30:58] u
[15:30:58] e
[15:30:58] S
[15:30:58] e
[15:30:58] t
[15:30:58] "
[15:30:58] :
[15:30:58] [
[15:30:58] 1
[15:30:58] ,
[15:30:58] 2
[15:30:58] ]
[15:30:58] }
[15:30:58] ,
[15:30:58] "
[15:30:58] d
[15:30:58] a
[15:30:58] t
[15:30:58] a
[15:30:58] S
[15:30:58] u
[15:30:58] p
[15:30:58] p
[15:30:58] o
[15:30:58] r
[15:30:58] t
[15:30:58] "
[15:30:58] :
[15:30:58] t
[15:30:58] r
[15:30:58] u
[15:30:58] e
[15:30:58] ,
[15:30:58] "
[15:30:58] r
[15:30:58] e
[15:30:58] l
[15:30:58] a
[15:30:58] t
[15:30:58] e
[15:30:58] d
[15:30:58] D
[15:30:58] o
[15:30:58] c
[15:30:58] u
[15:30:58] m
[15:30:58] e
[15:30:58] n
[15:30:58] t
[15:30:58] S
[15:30:58] u
[15:30:58] p
[15:30:58] p
[15:30:58] o
[15:30:58] r
[15:30:58] t
[15:30:58] "
[15:30:58] :
[15:30:58] t
[15:30:58] r
[15:30:58] u
[15:30:58] e
[15:30:58] ,
[15:30:58] "
[15:30:58] r
[15:30:58] e
[15:30:58] l
[15:30:58] a
[15:30:58] t
[15:30:58] e
[15:30:58] d
[15:30:58] I
[15:30:58] n
[15:30:58] f
[15:30:58] o
[15:30:58] r
[15:30:58] m
[15:30:58] a
[15:30:58] t
[15:30:58] i
[15:30:58] o
[15:30:58] n
[15:30:58] "
[15:30:58] :
[15:30:58] t
[15:30:58] r
[15:30:58] u
[15:30:58] e
[15:30:58] }
[15:30:58] ,
[15:30:58] "
[15:30:58] s
[15:30:58] i
[15:30:58] g
[15:30:58] n
[15:30:58] a
[15:30:58] t
[15:30:58] u
[15:30:58] r
[15:30:58] e
[15:30:58] H
[15:30:58] e
[15:30:58] l
[15:30:58] p
[15:30:58] "
[15:30:58] :
[15:30:58] {
[15:30:58] "
[15:30:58] s
[15:30:58] i
[15:30:58] g
[15:30:58] n
[15:30:58] a
[15:30:58] t
[15:30:58] u
[15:30:58] r
[15:30:58] e
[15:30:58] I
[15:30:58] n
[15:30:58] f
[15:30:58] o
[15:30:58] r
[15:30:58] m
[15:30:58] a
[15:30:58] t
[15:30:58] i
[15:30:58] o
[15:30:58] n
[15:30:58] "
[15:30:58] :
[15:30:58] {
[15:30:58] "
[15:30:58] d
[15:30:58] o
[15:30:58] c
[15:30:58] u
[15:30:58] m
[15:30:58] e
[15:30:58] n
[15:30:58] t
[15:30:58] a
[15:30:58] t
[15:30:58] i
[15:30:58] o
[15:30:58] n
[15:30:58] F
[15:30:58] o
[15:30:58] r
[15:30:58] m
[15:30:58] a
[15:30:58] t
[15:30:58] "
[15:30:58] :
[15:30:58] [
[15:30:58] "
[15:30:58] m
[15:30:58] a
[15:30:58] r
[15:30:58] k
[15:30:58] d
[15:30:58] o
[15:30:58] w
[15:30:58] n
[15:30:58] "
[15:30:58] ,
[15:30:58] "
[15:30:58] p
[15:30:58] l
[15:30:58] a
[15:30:58] i
[15:30:58] n
[15:30:58] t
[15:30:58] e
[15:30:58] x
[15:30:58] t
[15:30:58] "
[15:30:58] ]
[15:30:58] ,
[15:30:58] "
[15:30:58] p
[15:30:58] a
[15:30:58] r
[15:30:58] a
[15:30:58] m
[15:30:58] e
[15:30:58] t
[15:30:58] e
[15:30:58] r
[15:30:58] I
[15:30:58] n
[15:30:58] f
[15:30:58] o
[15:30:58] r
[15:30:58] m
[15:30:58] a
[15:30:58] t
[15:30:58] i
[15:30:58] o
[15:30:58] n
[15:30:58] "
[15:30:58] :
[15:30:58] {
[15:30:58] "
[15:30:58] l
[15:30:58] a
[15:30:58] b
[15:30:58] e
[15:30:58] l
[15:30:58] O
[15:30:58] f
[15:30:58] f
[15:30:58] s
[15:30:58] e
[15:30:58] t
[15:30:58] S
[15:30:58] u
[15:30:58] p
[15:30:58] p
[15:30:58] o
[15:30:58] r
[15:30:58] t
[15:30:58] "
[15:30:58] :
[15:30:58] t
[15:30:58] r
[15:30:58] u
[15:30:58] e
[15:30:58] }
[15:30:58] ,
[15:30:58] "
[15:30:58] a
[15:30:58] c
[15:30:58] t
[15:30:58] i
[15:30:58] v
[15:30:58] e
[15:30:58] P
[15:30:58] a
[15:30:58] r
[15:30:58] a
[15:30:58] m
[15:30:58] e
[15:30:58] t
[15:30:58] e
[15:30:58] r
[15:30:58] S
[15:30:58] u
[15:30:58] p
[15:30:58] p
[15:30:58] o
[15:30:58] r
[15:30:58] t
[15:30:58] "
[15:30:58] :
[15:30:58] t
[15:30:58] r
[15:30:58] u
[15:30:58] e
[15:30:58] ,
[15:30:58] "
[15:30:58] n
[15:30:58] o
[15:30:58] A
[15:30:58] c
[15:30:58] t
[15:30:58] i
[15:30:58] v
[15:30:58] e
[15:30:58] P
[15:30:58] a
[15:30:58] r
[15:30:58] a
[15:30:58] m
[15:30:58] e
[15:30:58] t
[15:30:58] e
[15:30:58] r
[15:30:58] S
[15:30:58] u
[15:30:58] p
[15:30:58] p
[15:30:58] o
[15:30:58] r
[15:30:58] t
[15:30:58] "
[15:30:58] :
[15:30:58] t
[15:30:58] r
[15:30:58] u
[15:30:58] e
[15:30:58] }
[15:30:58] ,
[15:30:58] "
[15:30:58] d
[15:30:58] y
[15:30:58] n
[15:30:58] a
[15:30:58] m
[15:30:58] i
[15:30:58] c
[15:30:58] R
[15:30:58] e
[15:30:58] g
[15:30:58] i
[15:30:58] s
[15:30:58] t
[15:30:58] r
[15:30:58] a
[15:30:58] t
[15:30:58] i
[15:30:58] o
[15:30:58] n
[15:30:58] "
[15:30:58] :
[15:30:58] f
[15:30:58] a
[15:30:58] l
[15:30:58] s
[15:30:58] e
[15:30:58] }
[15:30:58] ,
[15:30:58] "
[15:30:58] r
[15:30:58] e
[15:30:58] f
[15:30:58] e
[15:30:58] r
[15:30:58] e
[15:30:58] n
[15:30:58] c
[15:30:58] e
[15:30:58] s
[15:30:58] "
[15:30:58] :
[15:30:58] {
[15:30:58] "
[15:30:58] d
[15:30:58] y
[15:30:58] n
[15:30:58] a
[15:30:58] m
[15:30:58] i
[15:30:58] c
[15:30:58] R
[15:30:58] e
[15:30:58] g
[15:30:58] i
[15:30:58] s
[15:30:58] t
[15:30:58] r
[15:30:58] a
[15:30:58] t
[15:30:58] i
[15:30:58] o
[15:30:58] n
[15:30:58] "
[15:30:58] :
[15:30:58] f
[15:30:58] a
[15:30:58] l
[15:30:58] s
[15:30:58] e
[15:30:58] }
[15:30:58] ,
[15:30:58] "
[15:30:58] d
[15:30:58] e
[15:30:58] f
[15:30:58] i
[15:30:58] n
[15:30:58] i
[15:30:58] t
[15:30:58] i
[15:30:58] o
[15:30:58] n
[15:30:58] "
[15:30:58] :
[15:30:58] {
[15:30:58] "
[15:30:58] d
[15:30:58] y
[15:30:58] n
[15:30:58] a
[15:30:58] m
[15:30:58] i
[15:30:58] c
[15:30:58] R
[15:30:58] e
[15:30:58] g
[15:30:58] i
[15:30:58] s
[15:30:58] t
[15:30:58] r
[15:30:58] a
[15:30:58] t
[15:30:58] i
[15:30:58] o
[15:30:58] n
[15:30:58] "
[15:30:58] :
[15:30:58] t
[15:30:58] r
[15:30:58] u
[15:30:58] e
[15:30:58] ,
[15:30:58] "
[15:30:58] l
[15:30:58] i
[15:30:58] n
[15:30:58] k
[15:30:58] S
[15:30:58] u
[15:30:58] p
[15:30:58] p
[15:30:58] o
[15:30:58] r
[15:30:58] t
[15:30:58] "
[15:30:58] :
[15:30:58] t
[15:30:58] r
[15:30:58] u
[15:30:58] e
[15:30:58] }
[15:30:58] ,
[15:30:58] "
[15:30:58] r
[15:30:58] a
[15:30:58] n
[15:30:58] g
[15:30:58] e
[15:30:58] F
[15:30:58] o
[15:30:58] r
[15:30:58] m
[15:30:58] a
[15:30:58] t
[15:30:58] t
[15:30:58] i
[15:30:58] n
[15:30:58] g
[15:30:58] "
[15:30:58] :
[15:30:58] {
[15:30:58] "
[15:30:58] r
[15:30:58] a
[15:30:58] n
[15:30:58] g
[15:30:58] e
[15:30:58] s
[15:30:58] S
[15:30:58] u
[15:30:58] p
[15:30:58] p
[15:30:58] o
[15:30:58] r
[15:30:58] t
[15:30:58] "
[15:30:58] :
[15:30:58] t
[15:30:58] r
[15:30:58] u
[15:30:58] e
[15:30:58] ,
[15:30:58] "
[15:30:58] d
[15:30:58] y
[15:30:58] n
[15:30:58] a
[15:30:58] m
[15:30:58] i
[15:30:58] c
[15:30:58] R
[15:30:58] e
[15:30:58] g
[15:30:58] i
[15:30:58] s
[15:30:58] t
[15:30:58] r
[15:30:58] a
[15:30:58] t
[15:30:58] i
[15:30:58] o
[15:30:58] n
[15:30:58] "
[15:30:58] :
[15:30:58] t
[15:30:58] r
[15:30:58] u
[15:30:58] e
[15:30:58] }
[15:30:58] ,
[15:30:58] "
[15:30:58] c
[15:30:58] o
[15:30:58] m
[15:30:58] p
[15:30:58] l
[15:30:58] e
[15:30:58] t
[15:30:58] i
[15:30:58] o
[15:30:58] n
[15:30:58] "
[15:30:58] :
[15:30:58] {
[15:30:58] "
[15:30:58] d
[15:30:58] y
[15:30:58] n
[15:30:58] a
[15:30:58] m
[15:30:58] i
[15:30:58] c
[15:30:58] R
[15:30:58] e
[15:30:58] g
[15:30:58] i
[15:30:58] s
[15:30:58] t
[15:30:58] r
[15:30:58] a
[15:30:58] t
[15:30:58] i
[15:30:58] o
[15:30:58] n
[15:30:58] "
[15:30:58] :
[15:30:58] f
[15:30:58] a
[15:30:58] l
[15:30:58] s
[15:30:58] e
[15:30:58] ,
[15:30:58] "
[15:30:58] i
[15:30:58] n
[15:30:58] s
[15:30:58] e
[15:30:58] r
[15:30:58] t
[15:30:58] T
[15:30:58] e
[15:30:58] x
[15:30:58] t
[15:30:58] M
[15:30:58] o
[15:30:58] d
[15:30:58] e
[15:30:58] "
[15:30:58] :
[15:30:58] 1
[15:30:58] ,
[15:30:58] "
[15:30:58] c
[15:30:58] o
[15:30:58] n
[15:30:58] t
[15:30:58] e
[15:30:58] x
[15:30:58] t
[15:30:58] S
[15:30:58] u
[15:30:58] p
[15:30:58] p
[15:30:58] o
[15:30:58] r
[15:30:58] t
[15:30:58] "
[15:30:58] :
[15:30:58] t
[15:30:58] r
[15:30:58] u
[15:30:58] e
[15:30:58] ,
[15:30:58] "
[15:30:58] c
[15:30:58] o
[15:30:58] m
[15:30:58] p
[15:30:58] l
[15:30:58] e
[15:30:58] t
[15:30:58] i
[15:30:58] o
[15:30:58] n
[15:30:58] L
[15:30:58] i
[15:30:58] s
[15:30:58] t
[15:30:58] "
[15:30:58] :
[15:30:58] {
[15:30:58] "
[15:30:58] i
[15:30:58] t
[15:30:58] e
[15:30:58] m
[15:30:58] D
[15:30:58] e
[15:30:58] f
[15:30:58] a
[15:30:58] u
[15:30:58] l
[15:30:58] t
[15:30:58] s
[15:30:58] "
[15:30:58] :
[15:30:58] [
[15:30:58] "
[15:30:58] c
[15:30:58] o
[15:30:58] m
[15:30:58] m
[15:30:58] i
[15:30:58] t
[15:30:58] C
[15:30:58] h
[15:30:58] a
[15:30:58] r
[15:30:58] a
[15:30:58] c
[15:30:58] t
[15:30:58] e
[15:30:58] r
[15:30:58] s
[15:30:58] "
[15:30:58] ,
[15:30:58] "
[15:30:58] e
[15:30:58] d
[15:30:58] i
[15:30:58] t
[15:30:58] R
[15:30:58] a
[15:30:58] n
[15:30:58] g
[15:30:58] e
[15:30:58] "
[15:30:58] ,
[15:30:58] "
[15:30:58] i
[15:30:58] n
[15:30:58] s
[15:30:58] e
[15:30:58] r
[15:30:58] t
[15:30:58] T
[15:30:58] e
[15:30:58] x
[15:30:58] t
[15:30:58] F
[15:30:58] o
[15:30:58] r
[15:30:58] m
[15:30:58] a
[15:30:58] t
[15:30:58] "
[15:30:58] ,
[15:30:58] "
[15:30:58] i
[15:30:58] n
[15:30:58] s
[15:30:58] e
[15:30:58] r
[15:30:58] t
[15:30:58] T
[15:30:58] e
[15:30:58] x
[15:30:58] t
[15:30:58] M
[15:30:58] o
[15:30:58] d
[15:30:58] e
[15:30:58] "
[15:30:58] ,
[15:30:58] "
[15:30:58] d
[15:30:58] a
[15:30:58] t
[15:30:58] a
[15:30:58] "
[15:30:58] ]
[15:30:58] }
[15:30:58] ,
[15:30:58] "
[15:30:58] c
[15:30:58] o
[15:30:58] m
[15:30:58] p
[15:30:58] l
[15:30:58] e
[15:30:58] t
[15:30:58] i
[15:30:58] o
[15:30:58] n
[15:30:58] I
[15:30:58] t
[15:30:58] e
[15:30:58] m
[15:30:58] K
[15:30:58] i
[15:30:58] n
[15:30:58] d
[15:30:58] "
[15:30:58] :
[15:30:58] {
[15:30:58] "
[15:30:58] v
[15:30:58] a
[15:30:58] l
[15:30:58] u
[15:30:58] e
[15:30:58] S
[15:30:58] e
[15:30:58] t
[15:30:58] "
[15:30:58] :
[15:30:58] [
[15:30:58] 1
[15:30:58] ,
[15:30:58] 2
[15:30:58] ,
[15:30:58] 3
[15:30:58] ,
[15:30:58] 4
[15:30:58] ,
[15:30:58] 5
[15:30:58] ,
[15:30:58] 6
[15:30:58] ,
[15:30:58] 7
[15:30:58] ,
[15:30:58] 8
[15:30:58] ,
[15:30:58] 9
[15:30:58] ,
[15:30:58] 1
[15:30:58] 0
[15:30:58] ,
[15:30:58] 1
[15:30:58] 1
[15:30:58] ,
[15:30:58] 1
[15:30:58] 2
[15:30:58] ,
[15:30:58] 1
[15:30:58] 3
[15:30:58] ,
[15:30:58] 1
[15:30:58] 4
[15:30:58] ,
[15:30:58] 1
[15:30:58] 5
[15:30:58] ,
[15:30:58] 1
[15:30:58] 6
[15:30:58] ,
[15:30:58] 1
[15:30:58] 7
[15:30:58] ,
[15:30:58] 1
[15:30:58] 8
[15:30:58] ,
[15:30:58] 1
[15:30:58] 9
[15:30:58] ,
[15:30:58] 2
[15:30:58] 0
[15:30:58] ,
[15:30:58] 2
[15:30:58] 1
[15:30:58] ,
[15:30:58] 2
[15:30:58] 2
[15:30:58] ,
[15:30:58] 2
[15:30:58] 3
[15:30:58] ,
[15:30:58] 2
[15:30:58] 4
[15:30:58] ,
[15:30:58] 2
[15:30:58] 5
[15:30:58] ]
[15:30:58] }
[15:30:58] ,
[15:30:58] "
[15:30:58] c
[15:30:58] o
[15:30:58] m
[15:30:58] p
[15:30:58] l
[15:30:58] e
[15:30:58] t
[15:30:58] i
[15:30:58] o
[15:30:58] n
[15:30:58] I
[15:30:58] t
[15:30:58] e
[15:30:58] m
[15:30:58] "
[15:30:58] :
[15:30:58] {
[15:30:58] "
[15:30:58] i
[15:30:58] n
[15:30:58] s
[15:30:58] e
[15:30:58] r
[15:30:58] t
[15:30:58] R
[15:30:58] e
[15:30:58] p
[15:30:58] l
[15:30:58] a
[15:30:58] c
[15:30:58] e
[15:30:58] S
[15:30:58] u
[15:30:58] p
[15:30:58] p
[15:30:58] o
[15:30:58] r
[15:30:58] t
[15:30:58] "
[15:30:58] :
[15:30:58] t
[15:30:58] r
[15:30:58] u
[15:30:58] e
[15:30:58] ,
[15:30:58] "
[15:30:58] i
[15:30:58] n
[15:30:58] s
[15:30:58] e
[15:30:58] r
[15:30:58] t
[15:30:58] T
[15:30:58] e
[15:30:58] x
[15:30:58] t
[15:30:58] M
[15:30:58] o
[15:30:58] d
[15:30:58] e
[15:30:58] S
[15:30:58] u
[15:30:58] p
[15:30:58] p
[15:30:58] o
[15:30:58] r
[15:30:58] t
[15:30:58] "
[15:30:58] :
[15:30:58] {
[15:30:58] "
[15:30:58] v
[15:30:58] a
[15:30:58] l
[15:30:58] u
[15:30:58] e
[15:30:58] S
[15:30:58] e
[15:30:58] t
[15:30:58] "
[15:30:58] :
[15:30:58] [
[15:30:58] 1
[15:30:58] ]
[15:30:58] }
[15:30:58] ,
[15:30:58] "
[15:30:58] l
[15:30:58] a
[15:30:58] b
[15:30:58] e
[15:30:58] l
[15:30:58] D
[15:30:58] e
[15:30:58] t
[15:30:58] a
[15:30:58] i
[15:30:58] l
[15:30:58] s
[15:30:58] S
[15:30:58] u
[15:30:58] p
[15:30:58] p
[15:30:58] o
[15:30:58] r
[15:30:58] t
[15:30:58] "
[15:30:58] :
[15:30:58] t
[15:30:58] r
[15:30:58] u
[15:30:58] e
[15:30:58] ,
[15:30:58] "
[15:30:58] s
[15:30:58] n
[15:30:58] i
[15:30:58] p
[15:30:58] p
[15:30:58] e
[15:30:58] t
[15:30:58] S
[15:30:58] u
[15:30:58] p
[15:30:58] p
[15:30:58] o
[15:30:58] r
[15:30:58] t
[15:30:58] "
[15:30:58] :
[15:30:58] t
[15:30:58] r
[15:30:58] u
[15:30:58] e
[15:30:58] ,
[15:30:58] "
[15:30:58] c
[15:30:58] o
[15:30:58] m
[15:30:58] m
[15:30:58] i
[15:30:58] t
[15:30:58] C
[15:30:58] h
[15:30:58] a
[15:30:58] r
[15:30:58] a
[15:30:58] c
[15:30:58] t
[15:30:58] e
[15:30:58] r
[15:30:58] s
[15:30:58] S
[15:30:58] u
[15:30:58] p
[15:30:58] p
[15:30:58] o
[15:30:58] r
[15:30:58] t
[15:30:58] "
[15:30:58] :
[15:30:58] f
[15:30:58] a
[15:30:58] l
[15:30:58] s
[15:30:58] e
[15:30:58] ,
[15:30:58] "
[15:30:58] p
[15:30:58] r
[15:30:58] e
[15:30:58] s
[15:30:58] e
[15:30:58] l
[15:30:58] e
[15:30:58] c
[15:30:58] t
[15:30:58] S
[15:30:58] u
[15:30:58] p
[15:30:58] p
[15:30:58] o
[15:30:58] r
[15:30:58] t
[15:30:58] "
[15:30:58] :
[15:30:58] f
[15:30:58] a
[15:30:58] l
[15:30:58] s
[15:30:58] e
[15:30:58] ,
[15:30:58] "
[15:30:58] d
[15:30:58] e
[15:30:58] p
[15:30:58] r
[15:30:58] e
[15:30:58] c
[15:30:58] a
[15:30:58] t
[15:30:58] e
[15:30:58] d
[15:30:58] S
[15:30:58] u
[15:30:58] p
[15:30:58] p
[15:30:58] o
[15:30:58] r
[15:30:58] t
[15:30:58] "
[15:30:58] :
[15:30:58] t
[15:30:58] r
[15:30:58] u
[15:30:58] e
[15:30:58] ,
[15:30:58] "
[15:30:58] d
[15:30:58] o
[15:30:58] c
[15:30:58] u
[15:30:58] m
[15:30:58] e
[15:30:58] n
[15:30:58] t
[15:30:58] a
[15:30:58] t
[15:30:58] i
[15:30:58] o
[15:30:58] n
[15:30:58] F
[15:30:58] o
[15:30:58] r
[15:30:58] m
[15:30:58] a
[15:30:58] t
[15:30:58] "
[15:30:58] :
[15:30:58] [
[15:30:58] "
[15:30:58] m
[15:30:58] a
[15:30:58] r
[15:30:58] k
[15:30:58] d
[15:30:58] o
[15:30:58] w
[15:30:58] n
[15:30:58] "
[15:30:58] ,
[15:30:58] "
[15:30:58] p
[15:30:58] l
[15:30:58] a
[15:30:58] i
[15:30:58] n
[15:30:58] t
[15:30:58] e
[15:30:58] x
[15:30:58] t
[15:30:58] "
[15:30:58] ]
[15:30:58] ,
[15:30:58] "
[15:30:58] t
[15:30:58] a
[15:30:58] g
[15:30:58] S
[15:30:58] u
[15:30:58] p
[15:30:58] p
[15:30:58] o
[15:30:58] r
[15:30:58] t
[15:30:58] "
[15:30:58] :
[15:30:58] {
[15:30:58] "
[15:30:58] v
[15:30:58] a
[15:30:58] l
[15:30:58] u
[15:30:58] e
[15:30:58] S
[15:30:58] e
[15:30:58] t
[15:30:58] "
[15:30:58] :
[15:30:58] [
[15:30:58] 1
[15:30:58] ]
[15:30:58] }
[15:30:58] ,
[15:30:58] "
[15:30:58] r
[15:30:58] e
[15:30:58] s
[15:30:58] o
[15:30:58] l
[15:30:58] v
[15:30:58] e
[15:30:58] S
[15:30:58] u
[15:30:58] p
[15:30:58] p
[15:30:58] o
[15:30:58] r
[15:30:58] t
[15:30:58] "
[15:30:58] :
[15:30:58] {
[15:30:58] "
[15:30:58] p
[15:30:58] r
[15:30:58] o
[15:30:58] p
[15:30:58] e
[15:30:58] r
[15:30:58] t
[15:30:58] i
[15:30:58] e
[15:30:58] s
[15:30:58] "
[15:30:58] :
[15:30:58] [
[15:30:58] "
[15:30:58] d
[15:30:58] o
[15:30:58] c
[15:30:58] u
[15:30:58] m
[15:30:58] e
[15:30:58] n
[15:30:58] t
[15:30:58] a
[15:30:58] t
[15:30:58] i
[15:30:58] o
[15:30:58] n
[15:30:58] "
[15:30:58] ,
[15:30:58] "
[15:30:58] d
[15:30:58] e
[15:30:58] t
[15:30:58] a
[15:30:58] i
[15:30:58] l
[15:30:58] "
[15:30:58] ,
[15:30:58] "
[15:30:58] a
[15:30:58] d
[15:30:58] d
[15:30:58] i
[15:30:58] t
[15:30:58] i
[15:30:58] o
[15:30:58] n
[15:30:58] a
[15:30:58] l
[15:30:58] T
[15:30:58] e
[15:30:58] x
[15:30:58] t
[15:30:58] E
[15:30:58] d
[15:30:58] i
[15:30:58] t
[15:30:58] s
[15:30:58] "
[15:30:58] ,
[15:30:58] "
[15:30:58] c
[15:30:58] o
[15:30:58] m
[15:30:58] m
[15:30:58] a
[15:30:58] n
[15:30:58] d
[15:30:58] "
[15:30:58] ,
[15:30:58] "
[15:30:58] d
[15:30:58] a
[15:30:58] t
[15:30:58] a
[15:30:58] "
[15:30:58] ]
[15:30:58] }
[15:30:58] }
[15:30:58] }
[15:30:58] ,
[15:30:58] "
[15:30:58] c
[15:30:58] a
[15:30:58] l
[15:30:58] l
[15:30:58] H
[15:30:58] i
[15:30:58] e
[15:30:58] r
[15:30:58] a
[15:30:58] r
[15:30:58] c
[15:30:58] h
[15:30:58] y
[15:30:58] "
[15:30:58] :
[15:30:58] {
[15:30:58] "
[15:30:58] d
[15:30:58] y
[15:30:58] n
[15:30:58] a
[15:30:58] m
[15:30:58] i
[15:30:58] c
[15:30:58] R
[15:30:58] e
[15:30:58] g
[15:30:58] i
[15:30:58] s
[15:30:58] t
[15:30:58] r
[15:30:58] a
[15:30:58] t
[15:30:58] i
[15:30:58] o
[15:30:58] n
[15:30:58] "
[15:30:58] :
[15:30:58] f
[15:30:58] a
[15:30:58] l
[15:30:58] s
[15:30:58] e
[15:30:58] }
[15:30:58] ,
[15:30:58] "
[15:30:58] c
[15:30:58] o
[15:30:58] d
[15:30:58] e
[15:30:58] L
[15:30:58] e
[15:30:58] n
[15:30:58] s
[15:30:58] "
[15:30:58] :
[15:30:58] {
[15:30:58] "
[15:30:58] r
[15:30:58] e
[15:30:58] s
[15:30:58] o
[15:30:58] l
[15:30:58] v
[15:30:58] e
[15:30:58] S
[15:30:58] u
[15:30:58] p
[15:30:58] p
[15:30:58] o
[15:30:58] r
[15:30:58] t
[15:30:58] "
[15:30:58] :
[15:30:58] {
[15:30:58] "
[15:30:58] p
[15:30:58] r
[15:30:58] o
[15:30:58] p
[15:30:58] e
[15:30:58] r
[15:30:58] t
[15:30:58] i
[15:30:58] e
[15:30:58] s
[15:30:58] "
[15:30:58] :
[15:30:58] [
[15:30:58] "
[15:30:58] c
[15:30:58] o
[15:30:58] m
[15:30:58] m
[15:30:58] a
[15:30:58] n
[15:30:58] d
[15:30:58] "
[15:30:58] ]
[15:30:58] }
[15:30:58] ,
[15:30:58] "
[15:30:58] d
[15:30:58] y
[15:30:58] n
[15:30:58] a
[15:30:58] m
[15:30:58] i
[15:30:58] c
[15:30:58] R
[15:30:58] e
[15:30:58] g
[15:30:58] i
[15:30:58] s
[15:30:58] t
[15:30:58] r
[15:30:58] a
[15:30:58] t
[15:30:58] i
[15:30:58] o
[15:30:58] n
[15:30:58] "
[15:30:58] :
[15:30:58] f
[15:30:58] a
[15:30:58] l
[15:30:58] s
[15:30:58] e
[15:30:58] }
[15:30:58] ,
[15:30:58] "
[15:30:58] d
[15:30:58] o
[15:30:58] c
[15:30:58] u
[15:30:58] m
[15:30:58] e
[15:30:58] n
[15:30:58] t
[15:30:58] S
[15:30:58] y
[15:30:58] m
[15:30:58] b
[15:30:58] o
[15:30:58] l
[15:30:58] "
[15:30:58] :
[15:30:58] {
[15:30:58] "
[15:30:58] s
[15:30:58] y
[15:30:58] m
[15:30:58] b
[15:30:58] o
[15:30:58] l
[15:30:58] K
[15:30:58] i
[15:30:58] n
[15:30:58] d
[15:30:58] "
[15:30:58] :
[15:30:58] {
[15:30:58] "
[15:30:58] v
[15:30:58] a
[15:30:58] l
[15:30:58] u
[15:30:58] e
[15:30:58] S
[15:30:58] e
[15:30:58] t
[15:30:58] "
[15:30:58] :
[15:30:58] [
[15:30:58] 1
[15:30:58] ,
[15:30:58] 2
[15:30:58] ,
[15:30:58] 3
[15:30:58] ,
[15:30:58] 4
[15:30:58] ,
[15:30:58] 5
[15:30:58] ,
[15:30:58] 6
[15:30:58] ,
[15:30:58] 7
[15:30:58] ,
[15:30:58] 8
[15:30:58] ,
[15:30:58] 9
[15:30:58] ,
[15:30:58] 1
[15:30:58] 0
[15:30:58] ,
[15:30:58] 1
[15:30:58] 1
[15:30:58] ,
[15:30:58] 1
[15:30:58] 2
[15:30:58] ,
[15:30:58] 1
[15:30:58] 3
[15:30:58] ,
[15:30:58] 1
[15:30:58] 4
[15:30:58] ,
[15:30:58] 1
[15:30:58] 5
[15:30:58] ,
[15:30:58] 1
[15:30:58] 6
[15:30:58] ,
[15:30:58] 1
[15:30:58] 7
[15:30:58] ,
[15:30:58] 1
[15:30:58] 8
[15:30:58] ,
[15:30:58] 1
[15:30:58] 9
[15:30:58] ,
[15:30:58] 2
[15:30:58] 0
[15:30:58] ,
[15:30:58] 2
[15:30:58] 1
[15:30:58] ,
[15:30:58] 2
[15:30:58] 2
[15:30:58] ,
[15:30:58] 2
[15:30:58] 3
[15:30:58] ,
[15:30:58] 2
[15:30:58] 4
[15:30:58] ,
[15:30:58] 2
[15:30:58] 5
[15:30:58] ,
[15:30:58] 2
[15:30:58] 6
[15:30:58] ]
[15:30:58] }
[15:30:58] ,
[15:30:58] "
[15:30:58] d
[15:30:58] y
[15:30:58] n
[15:30:58] a
[15:30:58] m
[15:30:58] i
[15:30:58] c
[15:30:58] R
[15:30:58] e
[15:30:58] g
[15:30:58] i
[15:30:58] s
[15:30:58] t
[15:30:58] r
[15:30:58] a
[15:30:58] t
[15:30:58] i
[15:30:58] o
[15:30:58] n
[15:30:58] "
[15:30:58] :
[15:30:58] f
[15:30:58] a
[15:30:58] l
[15:30:58] s
[15:30:58] e
[15:30:58] ,
[15:30:58] "
[15:30:58] t
[15:30:58] a
[15:30:58] g
[15:30:58] S
[15:30:58] u
[15:30:58] p
[15:30:58] p
[15:30:58] o
[15:30:58] r
[15:30:58] t
[15:30:58] "
[15:30:58] :
[15:30:58] {
[15:30:58] "
[15:30:58] v
[15:30:58] a
[15:30:58] l
[15:30:58] u
[15:30:58] e
[15:30:58] S
[15:30:58] e
[15:30:58] t
[15:30:58] "
[15:30:58] :
[15:30:58] [
[15:30:58] 1
[15:30:58] ]
[15:30:58] }
[15:30:58] ,
[15:30:58] "
[15:30:58] h
[15:30:58] i
[15:30:58] e
[15:30:58] r
[15:30:58] a
[15:30:58] r
[15:30:58] c
[15:30:58] h
[15:30:58] i
[15:30:58] c
[15:30:58] a
[15:30:58] l
[15:30:58] D
[15:30:58] o
[15:30:58] c
[15:30:58] u
[15:30:58] m
[15:30:58] e
[15:30:58] n
[15:30:58] t
[15:30:58] S
[15:30:58] y
[15:30:58] m
[15:30:58] b
[15:30:58] o
[15:30:58] l
[15:30:58] S
[15:30:58] u
[15:30:58] p
[15:30:58] p
[15:30:58] o
[15:30:58] r
[15:30:58] t
[15:30:58] "
[15:30:58] :
[15:30:58] t
[15:30:58] r
[15:30:58] u
[15:30:58] e
[15:30:58] }
[15:30:58] }
[15:30:58] }
[15:30:58] ,
[15:30:58] "
[15:30:58] p
[15:30:58] r
[15:30:58] o
[15:30:58] c
[15:30:58] e
[15:30:58] s
[15:30:58] s
[15:30:58] I
[15:30:58] d
[15:30:58] "
[15:30:58] :
[15:30:58] 2
[15:30:58] 5
[15:30:58] 3
[15:30:58] 7
[15:30:58] 2
[15:30:58] ,
[15:30:58] "
[15:30:58] c
[15:30:58] l
[15:30:58] i
[15:30:58] e
[15:30:58] n
[15:30:58] t
[15:30:58] I
[15:30:58] n
[15:30:58] f
[15:30:58] o
[15:30:58] "
[15:30:58] :
[15:30:58] {
[15:30:58] "
[15:30:58] n
[15:30:58] a
[15:30:58] m
[15:30:58] e
[15:30:58] "
[15:30:58] :
[15:30:58] "
[15:30:58] N
[15:30:58] e
[15:30:58] o
[15:30:58] v
[15:30:58] i
[15:30:58] m
[15:30:58] "
[15:30:58] ,
[15:30:58] "
[15:30:58] v
[15:30:58] e
[15:30:58] r
[15:30:58] s
[15:30:58] i
[15:30:58] o
[15:30:58] n
[15:30:58] "
[15:30:58] :
[15:30:58] "
[15:30:58] 0
[15:30:58] .
[15:30:58] 1
[15:30:58] 2
[15:30:58] .
[15:30:58] 0
[15:30:58] -
[15:30:58] d
[15:30:58] e
[15:30:58] v
[15:30:58] +
[15:30:58] g
[15:30:58] 2
[15:30:58] 7
[15:30:58] b
[15:30:58] c
[15:30:58] 7
[15:30:58] d
[15:30:58] c
[15:30:58] b
[15:30:58] 0
[15:30:58] 1
[15:30:58] "
[15:30:58] }
[15:30:58] ,
[15:30:58] "
[15:30:58] r
[15:30:58] o
[15:30:58] o
[15:30:58] t
[15:30:58] P
[15:30:58] a
[15:30:58] t
[15:30:58] h
[15:30:58] "
[15:30:58] :
[15:30:58] n
[15:30:58] u
[15:30:58] l
[15:30:58] l
[15:30:58] ,
[15:30:58] "
[15:30:58] r
[15:30:58] o
[15:30:58] o
[15:30:58] t
[15:30:58] U
[15:30:58] r
[15:30:58] i
[15:30:58] "
[15:30:58] :
[15:30:58] n
[15:30:58] u
[15:30:58] l
[15:30:58] l
[15:30:58] ,
[15:30:58] "
[15:30:58] w
[15:30:58] o
[15:30:58] r
[15:30:58] k
[15:30:58] D
[15:30:58] o
[15:30:58] n
[15:30:58] e
[15:30:58] T
[15:30:58] o
[15:30:58] k
[15:30:58] e
[15:30:58] n
[15:30:58] "
[15:30:58] :
[15:30:58] "
[15:30:58] 1
[15:30:58] "
[15:30:58] ,
[15:30:58] "
[15:30:58] w
[15:30:58] o
[15:30:58] r
[15:30:58] k
[15:30:58] s
[15:30:58] p
[15:30:58] a
[15:30:58] c
[15:30:58] e
[15:30:58] F
[15:30:58] o
[15:30:58] l
[15:30:58] d
[15:30:58] e
[15:30:58] r
[15:30:58] s
[15:30:58] "
[15:30:58] :
[15:30:58] n
[15:30:58] u
[15:30:58] l
[15:30:58] l
[15:30:58] }
[15:30:58] ,
[15:30:58] "
[15:30:58] m
[15:30:58] e
[15:30:58] t
[15:30:58] h
[15:30:58] o
[15:30:58] d
[15:30:58] "
[15:30:58] :
[15:30:58] "
[15:30:58] i
[15:30:58] n
[15:30:58] i
[15:30:58] t
[15:30:58] i
[15:30:58] a
[15:30:58] l
[15:30:58] i
[15:30:58] z
[15:30:58] e
[15:30:58] "
[15:30:58] ,
[15:30:58] "
[15:30:58] i
[15:30:58] d
[15:30:58] "
[15:30:58] :
[15:30:58] 1
[15:30:58] ,
[15:30:58] "
[15:30:58] j
[15:30:58] s
[15:30:58] o
[15:30:58] n
[15:30:58] r
[15:30:58] p
[15:30:58] c
[15:30:58] "
[15:30:58] :
[15:30:58] "
[15:30:58] 2
[15:30:58] .
[15:30:58] 0
[15:30:58] "
